

Microchip Technology PIC LITE Macro Assembler V1.45 build -152302408 
                                                                                               Wed Mar 11 01:02:27 2020

Microchip Technology Omniscient Code Generator v1.45 (Free mode) build 201711160504
     1                           	processor	16F877A
     2                           	opt	pw 120
     3                           	opt	lm
     4                           	psect	cinit,global,class=CODE,merge=1,delta=2
     5                           	psect	bssCOMMON,global,class=COMMON,space=1,delta=1
     6                           	psect	cstackCOMMON,global,class=COMMON,space=1,delta=1
     7                           	psect	maintext,global,class=CODE,split=1,delta=2
     8                           	psect	text1,local,class=CODE,merge=1,delta=2
     9                           	psect	intentry,global,class=CODE,delta=2
    10                           	dabs	1,0x7E,2
    11  0000                     
    12                           ; Version 1.45
    13                           ; Generated 16/11/2017 GMT
    14                           ; 
    15                           ; Copyright © 2017, Microchip Technology Inc. and its subsidiaries ("Microchip")
    16                           ; All rights reserved.
    17                           ; 
    18                           ; This software is developed by Microchip Technology Inc. and its subsidiaries ("Microch
      +                          ip").
    19                           ; 
    20                           ; Redistribution and use in source and binary forms, with or without modification, are
    21                           ; permitted provided that the following conditions are met:
    22                           ; 
    23                           ;     1. Redistributions of source code must retain the above copyright notice, this lis
      +                          t of
    24                           ;        conditions and the following disclaimer.
    25                           ; 
    26                           ;     2. Redistributions in binary form must reproduce the above copyright notice, this 
      +                          list
    27                           ;        of conditions and the following disclaimer in the documentation and/or other
    28                           ;        materials provided with the distribution.
    29                           ; 
    30                           ;     3. Microchip's name may not be used to endorse or promote products derived from th
      +                          is
    31                           ;        software without specific prior written permission.
    32                           ; 
    33                           ; THIS SOFTWARE IS PROVIDED BY MICROCHIP "AS IS" AND ANY EXPRESS OR IMPLIED WARRANTIES,
    34                           ; INCLUDING, BUT NOT LIMITED TO, THE IMPLIED WARRANTIES OF MERCHANTABILITY AND FITNESS F
      +                          OR
    35                           ; PURPOSE ARE DISCLAIMED.  IN NO EVENT SHALL MICROCHIP BE LIABLE FOR ANY DIRECT, INDIREC
      +                          T,
    36                           ; INCIDENTAL, SPECIAL, EXEMPLARY, OR CONSEQUENTIAL DAMAGES (INCLUDING BUT NOT LIMITED TO
    37                           ; PROCUREMENT OF SUBSTITUTE GOODS OR SERVICES; LOSS OF USE, DATA OR PROFITS; OR BUSINESS
    38                           ; INTERRUPTION) HOWSOEVER CAUSED AND ON ANY THEORY OF LIABILITY, WHETHER IN CONTRACT, ST
      +                          RICT
    39                           ; LIABILITY, OR TORT (INCLUDING NEGLIGENCE OR OTHERWISE) ARISING IN ANY WAY OUT OF THE U
      +                          SE OF
    40                           ; THIS SOFTWARE, EVEN IF ADVISED OF THE POSSIBILITY OF SUCH DAMAGE.
    41                           ; 
    42                           ; 
    43                           ; Code-generator required, PIC16F877A Definitions
    44                           ; 
    45                           ; SFR Addresses
    46  0000                     	;# 
    47  0001                     	;# 
    48  0002                     	;# 
    49  0003                     	;# 
    50  0004                     	;# 
    51  0005                     	;# 
    52  0006                     	;# 
    53  0007                     	;# 
    54  0008                     	;# 
    55  0009                     	;# 
    56  000A                     	;# 
    57  000B                     	;# 
    58  000C                     	;# 
    59  000D                     	;# 
    60  000E                     	;# 
    61  000E                     	;# 
    62  000F                     	;# 
    63  0010                     	;# 
    64  0011                     	;# 
    65  0012                     	;# 
    66  0013                     	;# 
    67  0014                     	;# 
    68  0015                     	;# 
    69  0015                     	;# 
    70  0016                     	;# 
    71  0017                     	;# 
    72  0018                     	;# 
    73  0019                     	;# 
    74  001A                     	;# 
    75  001B                     	;# 
    76  001B                     	;# 
    77  001C                     	;# 
    78  001D                     	;# 
    79  001E                     	;# 
    80  001F                     	;# 
    81  0081                     	;# 
    82  0085                     	;# 
    83  0086                     	;# 
    84  0087                     	;# 
    85  0088                     	;# 
    86  0089                     	;# 
    87  008C                     	;# 
    88  008D                     	;# 
    89  008E                     	;# 
    90  0091                     	;# 
    91  0092                     	;# 
    92  0093                     	;# 
    93  0094                     	;# 
    94  0098                     	;# 
    95  0099                     	;# 
    96  009C                     	;# 
    97  009D                     	;# 
    98  009E                     	;# 
    99  009F                     	;# 
   100  010C                     	;# 
   101  010D                     	;# 
   102  010E                     	;# 
   103  010F                     	;# 
   104  018C                     	;# 
   105  018D                     	;# 
   106  000E                     _TMR1	set	14
   107  0006                     _PORTB	set	6
   108  0080                     _TMR1ON	set	128
   109  0081                     _TMR1CS	set	129
   110  0084                     _T1CKPS0	set	132
   111  0085                     _T1CKPS1	set	133
   112  005E                     _PEIE	set	94
   113  005F                     _GIE	set	95
   114  0030                     _RB0	set	48
   115  0060                     _TMR1IF	set	96
   116  0086                     _TRISB	set	134
   117  0460                     _TMR1IE	set	1120
   118                           
   119                           ; #config settings
   120  0000                     
   121                           	psect	cinit
   122  0015                     start_initialization:	
   123  0015                     __initialization:	
   124                           
   125                           ; Clear objects allocated to COMMON
   126  0015  01F4               	clrf	__pbssCOMMON& (0+127)
   127  0016  01F5               	clrf	(__pbssCOMMON+1)& (0+127)
   128  0017                     end_of_initialization:	
   129                           ;End of C runtime variable initialization code
   130                           
   131  0017                     __end_of__initialization:	
   132  0017  0183               	clrf	3
   133  0018  120A  118A  283C   	ljmp	_main	;jump to C main() function
   134                           
   135                           	psect	bssCOMMON
   136  0074                     __pbssCOMMON:	
   137  0074                     _sayac:	
   138  0074                     	ds	2
   139                           
   140                           	psect	cstackCOMMON
   141  0070                     __pcstackCOMMON:	
   142  0070                     ?_KESME:	
   143  0070                     ??_KESME:	
   144                           ; 1 bytes @ 0x0
   145                           
   146  0070                     ?_main:	
   147                           ; 1 bytes @ 0x0
   148                           
   149                           
   150                           ; 1 bytes @ 0x0
   151  0070                     	ds	4
   152  0074                     ??_main:	
   153                           
   154                           	psect	maintext
   155  003C                     __pmaintext:	
   156                           ; 1 bytes @ 0x4
   157 ;;
   158 ;;Main: autosize = 0, tempsize = 0, incstack = 0, save=0
   159 ;;
   160 ;; *************** function _main *****************
   161 ;; Defined at:
   162 ;;		line 24 in file "mcu12.c"
   163 ;; Parameters:    Size  Location     Type
   164 ;;		None
   165 ;; Auto vars:     Size  Location     Type
   166 ;;		None
   167 ;; Return value:  Size  Location     Type
   168 ;;                  1    wreg      void 
   169 ;; Registers used:
   170 ;;		status,2
   171 ;; Tracked objects:
   172 ;;		On entry : B00/0
   173 ;;		On exit  : 0/0
   174 ;;		Unchanged: 0/0
   175 ;; Data sizes:     COMMON   BANK0   BANK1   BANK3   BANK2
   176 ;;      Params:         0       0       0       0       0
   177 ;;      Locals:         0       0       0       0       0
   178 ;;      Temps:          0       0       0       0       0
   179 ;;      Totals:         0       0       0       0       0
   180 ;;Total ram usage:        0 bytes
   181 ;; Hardware stack levels required when called:    1
   182 ;; This function calls:
   183 ;;		Nothing
   184 ;; This function is called by:
   185 ;;		Startup code after reset
   186 ;; This function uses a non-reentrant model
   187 ;;
   188                           
   189                           
   190                           ;psect for function _main
   191  003C                     _main:	
   192                           
   193                           ;mcu12.c: 25: GIE=1;
   194                           
   195                           ;incstack = 0
   196                           ; Regs used in _main: [status,2]
   197  003C  178B               	bsf	11,7	;volatile
   198                           
   199                           ;mcu12.c: 26: sayac=0;
   200  003D  01F4               	clrf	_sayac
   201  003E  01F5               	clrf	_sayac+1
   202                           
   203                           ;mcu12.c: 27: TRISB = 0x00;
   204  003F  1683               	bsf	3,5	;RP0=1, select bank1
   205  0040  1303               	bcf	3,6	;RP1=0, select bank1
   206  0041  0186               	clrf	6	;volatile
   207                           
   208                           ;mcu12.c: 28: PEIE=1;
   209  0042  170B               	bsf	11,6	;volatile
   210                           
   211                           ;mcu12.c: 29: TMR1IE=1;
   212  0043  140C               	bsf	12,0	;volatile
   213                           
   214                           ;mcu12.c: 30: T1CKPS1=0;
   215  0044  1283               	bcf	3,5	;RP0=0, select bank0
   216  0045  1303               	bcf	3,6	;RP1=0, select bank0
   217  0046  1290               	bcf	16,5	;volatile
   218                           
   219                           ;mcu12.c: 31: T1CKPS0=0;
   220  0047  1210               	bcf	16,4	;volatile
   221                           
   222                           ;mcu12.c: 32: TMR1CS=0;
   223  0048  1090               	bcf	16,1	;volatile
   224                           
   225                           ;mcu12.c: 33: TMR1ON=1;
   226  0049  1410               	bsf	16,0	;volatile
   227                           
   228                           ;mcu12.c: 34: TMR1=15536;
   229  004A  303C               	movlw	60
   230  004B  008F               	movwf	15	;volatile
   231  004C  30B0               	movlw	176
   232  004D  008E               	movwf	14	;volatile
   233                           
   234                           ;mcu12.c: 35: PORTB=0;
   235  004E  0186               	clrf	6	;volatile
   236  004F                     l38:	
   237                           ;mcu12.c: 36: while (1) {}
   238                           
   239  004F  284F               	goto	l38
   240  0050                     __end_of_main:	
   241                           
   242                           	psect	text1
   243  001B                     __ptext1:	
   244 ;; *************** function _KESME *****************
   245 ;; Defined at:
   246 ;;		line 13 in file "mcu12.c"
   247 ;; Parameters:    Size  Location     Type
   248 ;;		None
   249 ;; Auto vars:     Size  Location     Type
   250 ;;		None
   251 ;; Return value:  Size  Location     Type
   252 ;;                  1    wreg      void 
   253 ;; Registers used:
   254 ;;		wreg, status,2, status,0
   255 ;; Tracked objects:
   256 ;;		On entry : 0/0
   257 ;;		On exit  : 0/0
   258 ;;		Unchanged: 0/0
   259 ;; Data sizes:     COMMON   BANK0   BANK1   BANK3   BANK2
   260 ;;      Params:         0       0       0       0       0
   261 ;;      Locals:         0       0       0       0       0
   262 ;;      Temps:          4       0       0       0       0
   263 ;;      Totals:         4       0       0       0       0
   264 ;;Total ram usage:        4 bytes
   265 ;; Hardware stack levels used:    1
   266 ;; This function calls:
   267 ;;		Nothing
   268 ;; This function is called by:
   269 ;;		Interrupt level 1
   270 ;; This function uses a non-reentrant model
   271 ;;
   272                           
   273                           
   274                           ;psect for function _KESME
   275  001B                     _KESME:	
   276                           
   277                           ;mcu12.c: 14: if(TMR1IF) {
   278  001B  1C0C               	btfss	12,0	;volatile
   279  001C  2831               	goto	i1l33
   280                           
   281                           ;mcu12.c: 15: sayac++;
   282  001D  3001               	movlw	1
   283  001E  07F4               	addwf	_sayac,f
   284  001F  1803               	skipnc
   285  0020  0AF5               	incf	_sayac+1,f
   286  0021  3000               	movlw	0
   287  0022  07F5               	addwf	_sayac+1,f
   288                           
   289                           ;mcu12.c: 16: if(sayac==20){
   290  0023  3014               	movlw	20
   291  0024  0674               	xorwf	_sayac,w
   292  0025  0475               	iorwf	_sayac+1,w
   293  0026  1D03               	btfss	3,2
   294  0027  282C               	goto	i1l511
   295                           
   296                           ;mcu12.c: 17: sayac=0;
   297  0028  01F4               	clrf	_sayac
   298  0029  01F5               	clrf	_sayac+1
   299                           
   300                           ;mcu12.c: 18: RB0=RB0^1;
   301  002A  3001               	movlw	1
   302  002B  0686               	xorwf	6,f
   303  002C                     i1l511:	
   304                           
   305                           ;mcu12.c: 19: }
   306                           ;mcu12.c: 20: TMR1IF=0;
   307  002C  100C               	bcf	12,0	;volatile
   308                           
   309                           ;mcu12.c: 21: TMR1=15536;
   310  002D  303C               	movlw	60
   311  002E  008F               	movwf	15	;volatile
   312  002F  30B0               	movlw	176
   313  0030  008E               	movwf	14	;volatile
   314  0031                     i1l33:	
   315  0031  0873               	movf	??_KESME+3,w
   316  0032  00FF               	movwf	127
   317  0033  0872               	movf	??_KESME+2,w
   318  0034  008A               	movwf	10
   319  0035  0871               	movf	??_KESME+1,w
   320  0036  0084               	movwf	4
   321  0037  0E70               	swapf	??_KESME^(0+-128),w
   322  0038  0083               	movwf	3
   323  0039  0EFE               	swapf	126,f
   324  003A  0E7E               	swapf	126,w
   325  003B  0009               	retfie
   326  003C                     __end_of_KESME:	
   327  007E                     btemp	set	126	;btemp
   328  007E                     wtemp0	set	126
   329                           
   330                           	psect	intentry
   331  0004                     __pintentry:	
   332                           ;incstack = 0
   333                           ; Regs used in _KESME: [wreg+status,2+status,0]
   334                           
   335  0004                     interrupt_function:	
   336  007E                     saved_w	set	btemp
   337  0004  00FE               	movwf	btemp
   338  0005  0E03               	swapf	3,w
   339  0006  00F0               	movwf	??_KESME
   340  0007  0804               	movf	4,w
   341  0008  00F1               	movwf	??_KESME+1
   342  0009  080A               	movf	10,w
   343  000A  00F2               	movwf	??_KESME+2
   344  000B  1283               	bcf	3,5	;RP0=0, select bank0
   345  000C  1303               	bcf	3,6	;RP1=0, select bank0
   346  000D  087F               	movf	btemp+1,w
   347  000E  00F3               	movwf	??_KESME+3
   348  000F  120A  118A  281B   	ljmp	_KESME


Data Sizes:
    Strings     0
    Constant    0
    Data        0
    BSS         2
    Persistent  0
    Stack       0

Auto Spaces:
    Space          Size  Autos    Used
    COMMON           14      4       6
    BANK0            80      0       0
    BANK1            80      0       0
    BANK3            96      0       0
    BANK2            96      0       0

Pointer List with Targets:

    None.

Critical Paths under _main in COMMON

    None.

Critical Paths under _KESME in COMMON

    None.

Critical Paths under _main in BANK0

    None.

Critical Paths under _KESME in BANK0

    None.

Critical Paths under _main in BANK1

    None.

Critical Paths under _KESME in BANK1

    None.

Critical Paths under _main in BANK3

    None.

Critical Paths under _KESME in BANK3

    None.

Critical Paths under _main in BANK2

    None.

Critical Paths under _KESME in BANK2

    None.

Call Graph Tables:

 ---------------------------------------------------------------------------------
 (Depth) Function   	        Calls       Base Space   Used Autos Params    Refs
 ---------------------------------------------------------------------------------
 (0) _main                                                 0     0      0       0
 ---------------------------------------------------------------------------------
 Estimated maximum stack depth 0
 ---------------------------------------------------------------------------------
 (Depth) Function   	        Calls       Base Space   Used Autos Params    Refs
 ---------------------------------------------------------------------------------
 (1) _KESME                                                4     4      0       0
                                              0 COMMON     4     4      0
 ---------------------------------------------------------------------------------
 Estimated maximum stack depth 1
 ---------------------------------------------------------------------------------

 Call Graph Graphs:

 _main (ROOT)

 _KESME (ROOT)

 Address spaces:
Name               Size   Autos  Total    Cost      Usage
BITCOMMON            E      0       0       0        0.0%
EEDATA             100      0       0       0        0.0%
NULL                 0      0       0       0        0.0%
CODE                 0      0       0       0        0.0%
COMMON               E      4       6       1       42.9%
BITSFR0              0      0       0       1        0.0%
SFR0                 0      0       0       1        0.0%
BITSFR1              0      0       0       2        0.0%
SFR1                 0      0       0       2        0.0%
STACK                0      0       0       2        0.0%
ABS                  0      0       6       3        0.0%
BITBANK0            50      0       0       4        0.0%
BITSFR3              0      0       0       4        0.0%
SFR3                 0      0       0       4        0.0%
BANK0               50      0       0       5        0.0%
BITSFR2              0      0       0       5        0.0%
SFR2                 0      0       0       5        0.0%
BITBANK1            50      0       0       6        0.0%
BANK1               50      0       0       7        0.0%
BITBANK3            60      0       0       8        0.0%
BANK3               60      0       0       9        0.0%
BITBANK2            60      0       0      10        0.0%
BANK2               60      0       0      11        0.0%
DATA                 0      0       6      12        0.0%


Microchip Technology PIC Macro Assembler V1.45 build -152302408 
Symbol Table                                                                                   Wed Mar 11 01:02:27 2020

            __CFG_CP$OFF 0000                       l38 004F              __CFG_LVP$ON 0000  
                    _GIE 005F                      _RB0 0030             __CFG_CPD$OFF 0000  
                    fsr0 0004             __CFG_FOSC$XT 0000                     _PEIE 005E  
                   i1l33 0031                     _TMR1 000E             __CFG_WRT$OFF 0000  
                   _main 003C                     btemp 007E            __CFG_BOREN$ON 0000  
                   start 0012                    ?_main 0070            __CFG_WDTE$OFF 0000  
                  _KESME 001B                    i1l511 002C                    _PORTB 0006  
                  _TRISB 0086                    _sayac 0074                    pclath 000A  
                  status 0003                    wtemp0 007E          __initialization 0015  
           __end_of_main 0050                   ??_main 0074                   ?_KESME 0070  
                 _TMR1IE 0460                   _TMR1IF 0060                   _TMR1CS 0081  
                 _TMR1ON 0080           __CFG_PWRTE$OFF 0000                   saved_w 007E  
__end_of__initialization 0017            __end_of_KESME 003C           __pcstackCOMMON 0070  
                ??_KESME 0070               __pmaintext 003C               __pintentry 0004  
                _T1CKPS0 0084                  _T1CKPS1 0085                  __ptext1 001B  
   end_of_initialization 0017      start_initialization 0015              __pbssCOMMON 0074  
              ___latbits 0002           __size_of_KESME 0021        interrupt_function 0004  
          __size_of_main 0014                 intlevel1 0000  
