

Microchip Technology PIC LITE Macro Assembler V1.45 build -152302408 
                                                                                               Wed Mar 11 02:30:31 2020

Microchip Technology Omniscient Code Generator v1.45 (Free mode) build 201711160504
     1                           	processor	16F877A
     2                           	opt	pw 120
     3                           	opt	lm
     4                           	psect	idataCOMMON,global,class=CODE,delta=2
     5                           	psect	cinit,global,class=CODE,merge=1,delta=2
     6                           	psect	dataCOMMON,global,class=COMMON,space=1,delta=1
     7                           	psect	cstackCOMMON,global,class=COMMON,space=1,delta=1
     8                           	psect	maintext,global,class=CODE,split=1,delta=2
     9                           	dabs	1,0x7E,2
    10  0000                     
    11                           ; Version 1.45
    12                           ; Generated 16/11/2017 GMT
    13                           ; 
    14                           ; Copyright © 2017, Microchip Technology Inc. and its subsidiaries ("Microchip")
    15                           ; All rights reserved.
    16                           ; 
    17                           ; This software is developed by Microchip Technology Inc. and its subsidiaries ("Microch
      +                          ip").
    18                           ; 
    19                           ; Redistribution and use in source and binary forms, with or without modification, are
    20                           ; permitted provided that the following conditions are met:
    21                           ; 
    22                           ;     1. Redistributions of source code must retain the above copyright notice, this lis
      +                          t of
    23                           ;        conditions and the following disclaimer.
    24                           ; 
    25                           ;     2. Redistributions in binary form must reproduce the above copyright notice, this 
      +                          list
    26                           ;        of conditions and the following disclaimer in the documentation and/or other
    27                           ;        materials provided with the distribution.
    28                           ; 
    29                           ;     3. Microchip's name may not be used to endorse or promote products derived from th
      +                          is
    30                           ;        software without specific prior written permission.
    31                           ; 
    32                           ; THIS SOFTWARE IS PROVIDED BY MICROCHIP "AS IS" AND ANY EXPRESS OR IMPLIED WARRANTIES,
    33                           ; INCLUDING, BUT NOT LIMITED TO, THE IMPLIED WARRANTIES OF MERCHANTABILITY AND FITNESS F
      +                          OR
    34                           ; PURPOSE ARE DISCLAIMED.  IN NO EVENT SHALL MICROCHIP BE LIABLE FOR ANY DIRECT, INDIREC
      +                          T,
    35                           ; INCIDENTAL, SPECIAL, EXEMPLARY, OR CONSEQUENTIAL DAMAGES (INCLUDING BUT NOT LIMITED TO
    36                           ; PROCUREMENT OF SUBSTITUTE GOODS OR SERVICES; LOSS OF USE, DATA OR PROFITS; OR BUSINESS
    37                           ; INTERRUPTION) HOWSOEVER CAUSED AND ON ANY THEORY OF LIABILITY, WHETHER IN CONTRACT, ST
      +                          RICT
    38                           ; LIABILITY, OR TORT (INCLUDING NEGLIGENCE OR OTHERWISE) ARISING IN ANY WAY OUT OF THE U
      +                          SE OF
    39                           ; THIS SOFTWARE, EVEN IF ADVISED OF THE POSSIBILITY OF SUCH DAMAGE.
    40                           ; 
    41                           ; 
    42                           ; Code-generator required, PIC16F877A Definitions
    43                           ; 
    44                           ; SFR Addresses
    45  0000                     	;# 
    46  0001                     	;# 
    47  0002                     	;# 
    48  0003                     	;# 
    49  0004                     	;# 
    50  0005                     	;# 
    51  0006                     	;# 
    52  0007                     	;# 
    53  0008                     	;# 
    54  0009                     	;# 
    55  000A                     	;# 
    56  000B                     	;# 
    57  000C                     	;# 
    58  000D                     	;# 
    59  000E                     	;# 
    60  000E                     	;# 
    61  000F                     	;# 
    62  0010                     	;# 
    63  0011                     	;# 
    64  0012                     	;# 
    65  0013                     	;# 
    66  0014                     	;# 
    67  0015                     	;# 
    68  0015                     	;# 
    69  0016                     	;# 
    70  0017                     	;# 
    71  0018                     	;# 
    72  0019                     	;# 
    73  001A                     	;# 
    74  001B                     	;# 
    75  001B                     	;# 
    76  001C                     	;# 
    77  001D                     	;# 
    78  001E                     	;# 
    79  001F                     	;# 
    80  0081                     	;# 
    81  0085                     	;# 
    82  0086                     	;# 
    83  0087                     	;# 
    84  0088                     	;# 
    85  0089                     	;# 
    86  008C                     	;# 
    87  008D                     	;# 
    88  008E                     	;# 
    89  0091                     	;# 
    90  0092                     	;# 
    91  0093                     	;# 
    92  0094                     	;# 
    93  0098                     	;# 
    94  0099                     	;# 
    95  009C                     	;# 
    96  009D                     	;# 
    97  009E                     	;# 
    98  009F                     	;# 
    99  010C                     	;# 
   100  010D                     	;# 
   101  010E                     	;# 
   102  010F                     	;# 
   103  018C                     	;# 
   104  018D                     	;# 
   105                           
   106                           	psect	idataCOMMON
   107  07BB                     __pidataCOMMON:	
   108                           
   109                           ;initializer for _port_deger
   110  07BB  3401               	retlw	1
   111  07BC  3400               	retlw	0
   112  0007                     _PORTC	set	7
   113  0006                     _PORTB	set	6
   114  0038                     _RC0	set	56
   115  0087                     _TRISC	set	135
   116  0086                     _TRISB	set	134
   117                           
   118                           ; #config settings
   119  0000                     
   120                           	psect	cinit
   121  07F2                     start_initialization:	
   122  07F2                     __initialization:	
   123                           
   124                           ; Initialize objects allocated to COMMON
   125  07F2  120A  118A  27BB  120A  118A  	fcall	__pidataCOMMON	;fetch initializer
   126  07F7  00F3               	movwf	__pdataCOMMON& (0+127)
   127  07F8  120A  118A  27BC   	fcall	__pidataCOMMON+1	;fetch initializer
   128  07FB  00F4               	movwf	(__pdataCOMMON+1)& (0+127)
   129  07FC                     end_of_initialization:	
   130                           ;End of C runtime variable initialization code
   131                           
   132  07FC                     __end_of__initialization:	
   133  07FC  0183               	clrf	3
   134  07FD  120A  118A  2FBD   	ljmp	_main	;jump to C main() function
   135                           
   136                           	psect	dataCOMMON
   137  0073                     __pdataCOMMON:	
   138  0073                     _port_deger:	
   139  0073                     	ds	2
   140                           
   141                           	psect	cstackCOMMON
   142  0070                     __pcstackCOMMON:	
   143  0070                     ?_main:	
   144  0070                     ??_main:	
   145                           ; 1 bytes @ 0x0
   146                           
   147                           
   148                           ; 1 bytes @ 0x0
   149  0070                     	ds	3
   150                           
   151                           	psect	maintext
   152  07BD                     __pmaintext:	
   153 ;;
   154 ;;Main: autosize = 0, tempsize = 3, incstack = 0, save=0
   155 ;;
   156 ;; *************** function _main *****************
   157 ;; Defined at:
   158 ;;		line 20 in file "mcu3.c"
   159 ;; Parameters:    Size  Location     Type
   160 ;;		None
   161 ;; Auto vars:     Size  Location     Type
   162 ;;		None
   163 ;; Return value:  Size  Location     Type
   164 ;;                  1    wreg      void 
   165 ;; Registers used:
   166 ;;		wreg, status,2
   167 ;; Tracked objects:
   168 ;;		On entry : B00/0
   169 ;;		On exit  : 0/0
   170 ;;		Unchanged: 0/0
   171 ;; Data sizes:     COMMON   BANK0   BANK1   BANK3   BANK2
   172 ;;      Params:         0       0       0       0       0
   173 ;;      Locals:         0       0       0       0       0
   174 ;;      Temps:          3       0       0       0       0
   175 ;;      Totals:         3       0       0       0       0
   176 ;;Total ram usage:        3 bytes
   177 ;; This function calls:
   178 ;;		Nothing
   179 ;; This function is called by:
   180 ;;		Startup code after reset
   181 ;; This function uses a non-reentrant model
   182 ;;
   183                           
   184                           
   185                           ;psect for function _main
   186  07BD                     _main:	
   187                           
   188                           ;mcu3.c: 21: TRISB=0x00;
   189                           
   190                           ;incstack = 0
   191                           ; Regs used in _main: [wreg+status,2]
   192  07BD  1683               	bsf	3,5	;RP0=1, select bank1
   193  07BE  1303               	bcf	3,6	;RP1=0, select bank1
   194  07BF  0186               	clrf	6	;volatile
   195                           
   196                           ;mcu3.c: 22: PORTB=0x00;
   197  07C0  1283               	bcf	3,5	;RP0=0, select bank0
   198  07C1  1303               	bcf	3,6	;RP1=0, select bank0
   199  07C2  0186               	clrf	6	;volatile
   200                           
   201                           ;mcu3.c: 23: TRISC=0b00000001;
   202  07C3  3001               	movlw	1
   203  07C4  1683               	bsf	3,5	;RP0=1, select bank1
   204  07C5  1303               	bcf	3,6	;RP1=0, select bank1
   205  07C6  0087               	movwf	7	;volatile
   206                           
   207                           ;mcu3.c: 24: PORTC=0x00;
   208  07C7  1283               	bcf	3,5	;RP0=0, select bank0
   209  07C8  1303               	bcf	3,6	;RP1=0, select bank0
   210  07C9  0187               	clrf	7	;volatile
   211  07CA  2FEA               	goto	l490
   212  07CB                     l492:	
   213                           
   214                           ;mcu3.c: 27: PORTB=0b00000001;
   215  07CB  3001               	movlw	1
   216  07CC  0086               	movwf	6	;volatile
   217                           
   218                           ;mcu3.c: 28: _delay((unsigned long)((1000)*(4000000/4000.0)));
   219  07CD  3006               	movlw	6
   220  07CE  00F2               	movwf	??_main+2
   221  07CF  3013               	movlw	19
   222  07D0  00F1               	movwf	??_main+1
   223  07D1  30AD               	movlw	173
   224  07D2  00F0               	movwf	??_main
   225  07D3                     u27:	
   226  07D3  0BF0               	decfsz	??_main,f
   227  07D4  2FD3               	goto	u27
   228  07D5  0BF1               	decfsz	??_main+1,f
   229  07D6  2FD3               	goto	u27
   230  07D7  0BF2               	decfsz	??_main+2,f
   231  07D8  2FD3               	goto	u27
   232  07D9  2FDA               	nop2
   233                           
   234                           ;mcu3.c: 29: PORTB=0b00000000;
   235  07DA  1283               	bcf	3,5	;RP0=0, select bank0
   236  07DB  1303               	bcf	3,6	;RP1=0, select bank0
   237  07DC  0186               	clrf	6	;volatile
   238                           
   239                           ;mcu3.c: 30: _delay((unsigned long)((1000)*(4000000/4000.0)));}
   240  07DD  3006               	movlw	6
   241  07DE  00F2               	movwf	??_main+2
   242  07DF  3013               	movlw	19
   243  07E0  00F1               	movwf	??_main+1
   244  07E1  30AD               	movlw	173
   245  07E2  00F0               	movwf	??_main
   246  07E3                     u37:	
   247  07E3  0BF0               	decfsz	??_main,f
   248  07E4  2FE3               	goto	u37
   249  07E5  0BF1               	decfsz	??_main+1,f
   250  07E6  2FE3               	goto	u37
   251  07E7  0BF2               	decfsz	??_main+2,f
   252  07E8  2FE3               	goto	u37
   253  07E9  2FEA               	nop2
   254  07EA                     l490:	
   255                           ;mcu3.c: 25: while(1){
   256                           
   257                           
   258                           ;mcu3.c: 26: if(RC0==0){
   259  07EA  1283               	bcf	3,5	;RP0=0, select bank0
   260  07EB  1303               	bcf	3,6	;RP1=0, select bank0
   261  07EC  1C07               	btfss	7,0	;volatile
   262  07ED  2FCB               	goto	l492
   263                           
   264                           ;mcu3.c: 31: else
   265                           ;mcu3.c: 32: PORTB=0x00;
   266  07EE  1283               	bcf	3,5	;RP0=0, select bank0
   267  07EF  1303               	bcf	3,6	;RP1=0, select bank0
   268  07F0  0186               	clrf	6	;volatile
   269  07F1  2FEA               	goto	l490
   270  07F2                     __end_of_main:	
   271  007E                     btemp	set	126	;btemp
   272  007E                     wtemp0	set	126


Data Sizes:
    Strings     0
    Constant    0
    Data        2
    BSS         0
    Persistent  0
    Stack       0

Auto Spaces:
    Space          Size  Autos    Used
    COMMON           14      3       5
    BANK0            80      0       0
    BANK1            80      0       0
    BANK3            96      0       0
    BANK2            96      0       0

Pointer List with Targets:

    None.

Critical Paths under _main in COMMON

    None.

Critical Paths under _main in BANK0

    None.

Critical Paths under _main in BANK1

    None.

Critical Paths under _main in BANK3

    None.

Critical Paths under _main in BANK2

    None.

Call Graph Tables:

 ---------------------------------------------------------------------------------
 (Depth) Function   	        Calls       Base Space   Used Autos Params    Refs
 ---------------------------------------------------------------------------------
 (0) _main                                                 3     3      0       0
                                              0 COMMON     3     3      0
 ---------------------------------------------------------------------------------
 Estimated maximum stack depth 0
 ---------------------------------------------------------------------------------

 Call Graph Graphs:

 _main (ROOT)

 Address spaces:
Name               Size   Autos  Total    Cost      Usage
BANK3               60      0       0       9        0.0%
BITBANK3            60      0       0       8        0.0%
SFR3                 0      0       0       4        0.0%
BITSFR3              0      0       0       4        0.0%
BANK2               60      0       0      11        0.0%
BITBANK2            60      0       0      10        0.0%
SFR2                 0      0       0       5        0.0%
BITSFR2              0      0       0       5        0.0%
BANK1               50      0       0       7        0.0%
BITBANK1            50      0       0       6        0.0%
SFR1                 0      0       0       2        0.0%
BITSFR1              0      0       0       2        0.0%
BANK0               50      0       0       5        0.0%
BITBANK0            50      0       0       4        0.0%
SFR0                 0      0       0       1        0.0%
BITSFR0              0      0       0       1        0.0%
COMMON               E      3       5       1       35.7%
BITCOMMON            E      0       0       0        0.0%
CODE                 0      0       0       0        0.0%
DATA                 0      0       5      12        0.0%
ABS                  0      0       5       3        0.0%
NULL                 0      0       0       0        0.0%
STACK                0      0       0       2        0.0%
EEDATA             100      0       0       0        0.0%


Microchip Technology PIC Macro Assembler V1.45 build -152302408 
Symbol Table                                                                                   Wed Mar 11 02:30:31 2020

            __CFG_CP$OFF 0000                       u27 07D3                       u37 07E3  
            __CFG_LVP$ON 0000                      l490 07EA                      l492 07CB  
                    _RC0 0038             __CFG_CPD$OFF 0000             __CFG_FOSC$XT 0000  
           __CFG_WRT$OFF 0000                     _main 07BD                     btemp 007E  
          __CFG_BOREN$ON 0000                     start 0000                    ?_main 0070  
          __CFG_WDTE$OFF 0000                    _PORTB 0006                    _PORTC 0007  
                  _TRISB 0086                    _TRISC 0087                    status 0003  
                  wtemp0 007E          __initialization 07F2             __end_of_main 07F2  
                 ??_main 0070           __CFG_PWRTE$OFF 0000             __pdataCOMMON 0073  
__end_of__initialization 07FC           __pcstackCOMMON 0070               __pmaintext 07BD  
   end_of_initialization 07FC               _port_deger 0073            __pidataCOMMON 07BB  
    start_initialization 07F2                ___latbits 0002            __size_of_main 0035  
