

Microchip Technology PIC LITE Macro Assembler V1.45 build -152302408 
                                                                                               Tue Mar 10 21:15:50 2020

Microchip Technology Omniscient Code Generator v1.45 (Free mode) build 201711160504
     1                           	processor	16F877A
     2                           	opt	pw 120
     3                           	opt	lm
     4                           	psect	cinit,global,class=CODE,merge=1,delta=2
     5                           	psect	bssCOMMON,global,class=COMMON,space=1,delta=1
     6                           	psect	cstackCOMMON,global,class=COMMON,space=1,delta=1
     7                           	psect	maintext,global,class=CODE,split=1,delta=2
     8                           	psect	text1,local,class=CODE,merge=1,delta=2
     9                           	psect	intentry,global,class=CODE,delta=2
    10                           	dabs	1,0x7E,2
    11  0000                     
    12                           ; Version 1.45
    13                           ; Generated 16/11/2017 GMT
    14                           ; 
    15                           ; Copyright © 2017, Microchip Technology Inc. and its subsidiaries ("Microchip")
    16                           ; All rights reserved.
    17                           ; 
    18                           ; This software is developed by Microchip Technology Inc. and its subsidiaries ("Microch
      +                          ip").
    19                           ; 
    20                           ; Redistribution and use in source and binary forms, with or without modification, are
    21                           ; permitted provided that the following conditions are met:
    22                           ; 
    23                           ;     1. Redistributions of source code must retain the above copyright notice, this lis
      +                          t of
    24                           ;        conditions and the following disclaimer.
    25                           ; 
    26                           ;     2. Redistributions in binary form must reproduce the above copyright notice, this 
      +                          list
    27                           ;        of conditions and the following disclaimer in the documentation and/or other
    28                           ;        materials provided with the distribution.
    29                           ; 
    30                           ;     3. Microchip's name may not be used to endorse or promote products derived from th
      +                          is
    31                           ;        software without specific prior written permission.
    32                           ; 
    33                           ; THIS SOFTWARE IS PROVIDED BY MICROCHIP "AS IS" AND ANY EXPRESS OR IMPLIED WARRANTIES,
    34                           ; INCLUDING, BUT NOT LIMITED TO, THE IMPLIED WARRANTIES OF MERCHANTABILITY AND FITNESS F
      +                          OR
    35                           ; PURPOSE ARE DISCLAIMED.  IN NO EVENT SHALL MICROCHIP BE LIABLE FOR ANY DIRECT, INDIREC
      +                          T,
    36                           ; INCIDENTAL, SPECIAL, EXEMPLARY, OR CONSEQUENTIAL DAMAGES (INCLUDING BUT NOT LIMITED TO
    37                           ; PROCUREMENT OF SUBSTITUTE GOODS OR SERVICES; LOSS OF USE, DATA OR PROFITS; OR BUSINESS
    38                           ; INTERRUPTION) HOWSOEVER CAUSED AND ON ANY THEORY OF LIABILITY, WHETHER IN CONTRACT, ST
      +                          RICT
    39                           ; LIABILITY, OR TORT (INCLUDING NEGLIGENCE OR OTHERWISE) ARISING IN ANY WAY OUT OF THE U
      +                          SE OF
    40                           ; THIS SOFTWARE, EVEN IF ADVISED OF THE POSSIBILITY OF SUCH DAMAGE.
    41                           ; 
    42                           ; 
    43                           ; Code-generator required, PIC16F877A Definitions
    44                           ; 
    45                           ; SFR Addresses
    46  0000                     	;# 
    47  0001                     	;# 
    48  0002                     	;# 
    49  0003                     	;# 
    50  0004                     	;# 
    51  0005                     	;# 
    52  0006                     	;# 
    53  0007                     	;# 
    54  0008                     	;# 
    55  0009                     	;# 
    56  000A                     	;# 
    57  000B                     	;# 
    58  000C                     	;# 
    59  000D                     	;# 
    60  000E                     	;# 
    61  000E                     	;# 
    62  000F                     	;# 
    63  0010                     	;# 
    64  0011                     	;# 
    65  0012                     	;# 
    66  0013                     	;# 
    67  0014                     	;# 
    68  0015                     	;# 
    69  0015                     	;# 
    70  0016                     	;# 
    71  0017                     	;# 
    72  0018                     	;# 
    73  0019                     	;# 
    74  001A                     	;# 
    75  001B                     	;# 
    76  001B                     	;# 
    77  001C                     	;# 
    78  001D                     	;# 
    79  001E                     	;# 
    80  001F                     	;# 
    81  0081                     	;# 
    82  0085                     	;# 
    83  0086                     	;# 
    84  0087                     	;# 
    85  0088                     	;# 
    86  0089                     	;# 
    87  008C                     	;# 
    88  008D                     	;# 
    89  008E                     	;# 
    90  0091                     	;# 
    91  0092                     	;# 
    92  0093                     	;# 
    93  0094                     	;# 
    94  0098                     	;# 
    95  0099                     	;# 
    96  009C                     	;# 
    97  009D                     	;# 
    98  009E                     	;# 
    99  009F                     	;# 
   100  010C                     	;# 
   101  010D                     	;# 
   102  010E                     	;# 
   103  010F                     	;# 
   104  018C                     	;# 
   105  018D                     	;# 
   106  0005                     _PORTA	set	5
   107  0001                     _TMR0	set	1
   108  005D                     _T0IE	set	93
   109  005F                     _GIE	set	95
   110  0030                     _RB0	set	48
   111  005A                     _T0IF	set	90
   112  0086                     _TRISB	set	134
   113  0081                     _OPTION_REG	set	129
   114                           
   115                           ; #config settings
   116  0000                     
   117                           	psect	cinit
   118  0015                     start_initialization:	
   119  0015                     __initialization:	
   120                           
   121                           ; Clear objects allocated to COMMON
   122  0015  01F4               	clrf	__pbssCOMMON& (0+127)
   123  0016  01F5               	clrf	(__pbssCOMMON+1)& (0+127)
   124  0017                     end_of_initialization:	
   125                           ;End of C runtime variable initialization code
   126                           
   127  0017                     __end_of__initialization:	
   128  0017  0183               	clrf	3
   129  0018  120A  118A  283A   	ljmp	_main	;jump to C main() function
   130                           
   131                           	psect	bssCOMMON
   132  0074                     __pbssCOMMON:	
   133  0074                     _sayac:	
   134  0074                     	ds	2
   135                           
   136                           	psect	cstackCOMMON
   137  0070                     __pcstackCOMMON:	
   138  0070                     ?_KESME:	
   139  0070                     ??_KESME:	
   140                           ; 1 bytes @ 0x0
   141                           
   142  0070                     ?_main:	
   143                           ; 1 bytes @ 0x0
   144                           
   145                           
   146                           ; 1 bytes @ 0x0
   147  0070                     	ds	4
   148  0074                     ??_main:	
   149                           
   150                           	psect	maintext
   151  003A                     __pmaintext:	
   152                           ; 1 bytes @ 0x4
   153 ;;
   154 ;;Main: autosize = 0, tempsize = 0, incstack = 0, save=0
   155 ;;
   156 ;; *************** function _main *****************
   157 ;; Defined at:
   158 ;;		line 24 in file "mcu11.c"
   159 ;; Parameters:    Size  Location     Type
   160 ;;		None
   161 ;; Auto vars:     Size  Location     Type
   162 ;;		None
   163 ;; Return value:  Size  Location     Type
   164 ;;                  1    wreg      void 
   165 ;; Registers used:
   166 ;;		wreg, status,2
   167 ;; Tracked objects:
   168 ;;		On entry : B00/0
   169 ;;		On exit  : 0/0
   170 ;;		Unchanged: 0/0
   171 ;; Data sizes:     COMMON   BANK0   BANK1   BANK3   BANK2
   172 ;;      Params:         0       0       0       0       0
   173 ;;      Locals:         0       0       0       0       0
   174 ;;      Temps:          0       0       0       0       0
   175 ;;      Totals:         0       0       0       0       0
   176 ;;Total ram usage:        0 bytes
   177 ;; Hardware stack levels required when called:    1
   178 ;; This function calls:
   179 ;;		Nothing
   180 ;; This function is called by:
   181 ;;		Startup code after reset
   182 ;; This function uses a non-reentrant model
   183 ;;
   184                           
   185                           
   186                           ;psect for function _main
   187  003A                     _main:	
   188                           
   189                           ;mcu11.c: 25: GIE=1;
   190                           
   191                           ;incstack = 0
   192                           ; Regs used in _main: [wreg+status,2]
   193  003A  178B               	bsf	11,7	;volatile
   194                           
   195                           ;mcu11.c: 26: T0IE=1;
   196  003B  168B               	bsf	11,5	;volatile
   197                           
   198                           ;mcu11.c: 27: OPTION_REG=0x07;
   199  003C  3007               	movlw	7
   200  003D  1683               	bsf	3,5	;RP0=1, select bank1
   201  003E  1303               	bcf	3,6	;RP1=0, select bank1
   202  003F  0081               	movwf	1	;volatile
   203                           
   204                           ;mcu11.c: 28: TMR0=61;
   205  0040  303D               	movlw	61
   206  0041  1283               	bcf	3,5	;RP0=0, select bank0
   207  0042  1303               	bcf	3,6	;RP1=0, select bank0
   208  0043  0081               	movwf	1	;volatile
   209                           
   210                           ;mcu11.c: 29: sayac=0;
   211  0044  01F4               	clrf	_sayac
   212  0045  01F5               	clrf	_sayac+1
   213                           
   214                           ;mcu11.c: 30: TRISB = 0x00;
   215  0046  1683               	bsf	3,5	;RP0=1, select bank1
   216  0047  1303               	bcf	3,6	;RP1=0, select bank1
   217  0048  0186               	clrf	6	;volatile
   218                           
   219                           ;mcu11.c: 31: PORTA=0;
   220  0049  1283               	bcf	3,5	;RP0=0, select bank0
   221  004A  1303               	bcf	3,6	;RP1=0, select bank0
   222  004B  0185               	clrf	5	;volatile
   223  004C                     l30:	
   224                           ;mcu11.c: 32: while (1) {}
   225                           
   226  004C  284C               	goto	l30
   227  004D                     __end_of_main:	
   228                           
   229                           	psect	text1
   230  001B                     __ptext1:	
   231 ;; *************** function _KESME *****************
   232 ;; Defined at:
   233 ;;		line 13 in file "mcu11.c"
   234 ;; Parameters:    Size  Location     Type
   235 ;;		None
   236 ;; Auto vars:     Size  Location     Type
   237 ;;		None
   238 ;; Return value:  Size  Location     Type
   239 ;;                  1    wreg      void 
   240 ;; Registers used:
   241 ;;		wreg, status,2, status,0
   242 ;; Tracked objects:
   243 ;;		On entry : 0/0
   244 ;;		On exit  : 0/0
   245 ;;		Unchanged: 0/0
   246 ;; Data sizes:     COMMON   BANK0   BANK1   BANK3   BANK2
   247 ;;      Params:         0       0       0       0       0
   248 ;;      Locals:         0       0       0       0       0
   249 ;;      Temps:          4       0       0       0       0
   250 ;;      Totals:         4       0       0       0       0
   251 ;;Total ram usage:        4 bytes
   252 ;; Hardware stack levels used:    1
   253 ;; This function calls:
   254 ;;		Nothing
   255 ;; This function is called by:
   256 ;;		Interrupt level 1
   257 ;; This function uses a non-reentrant model
   258 ;;
   259                           
   260                           
   261                           ;psect for function _KESME
   262  001B                     _KESME:	
   263                           
   264                           ;mcu11.c: 14: if(T0IF) {
   265  001B  1D0B               	btfss	11,2	;volatile
   266  001C  282F               	goto	i1l25
   267                           
   268                           ;mcu11.c: 15: sayac++;
   269  001D  3001               	movlw	1
   270  001E  07F4               	addwf	_sayac,f
   271  001F  1803               	skipnc
   272  0020  0AF5               	incf	_sayac+1,f
   273  0021  3000               	movlw	0
   274  0022  07F5               	addwf	_sayac+1,f
   275                           
   276                           ;mcu11.c: 16: if(sayac==10){
   277  0023  300A               	movlw	10
   278  0024  0674               	xorwf	_sayac,w
   279  0025  0475               	iorwf	_sayac+1,w
   280  0026  1D03               	btfss	3,2
   281  0027  282C               	goto	i1l503
   282                           
   283                           ;mcu11.c: 17: sayac=0;
   284  0028  01F4               	clrf	_sayac
   285  0029  01F5               	clrf	_sayac+1
   286                           
   287                           ;mcu11.c: 18: RB0=RB0^1;
   288  002A  3001               	movlw	1
   289  002B  0686               	xorwf	6,f
   290  002C                     i1l503:	
   291                           
   292                           ;mcu11.c: 19: }
   293                           ;mcu11.c: 20: TMR0=61;
   294  002C  303D               	movlw	61
   295  002D  0081               	movwf	1	;volatile
   296                           
   297                           ;mcu11.c: 21: T0IF=0;
   298  002E  110B               	bcf	11,2	;volatile
   299  002F                     i1l25:	
   300  002F  0873               	movf	??_KESME+3,w
   301  0030  00FF               	movwf	127
   302  0031  0872               	movf	??_KESME+2,w
   303  0032  008A               	movwf	10
   304  0033  0871               	movf	??_KESME+1,w
   305  0034  0084               	movwf	4
   306  0035  0E70               	swapf	??_KESME^(0+-128),w
   307  0036  0083               	movwf	3
   308  0037  0EFE               	swapf	126,f
   309  0038  0E7E               	swapf	126,w
   310  0039  0009               	retfie
   311  003A                     __end_of_KESME:	
   312  007E                     btemp	set	126	;btemp
   313  007E                     wtemp0	set	126
   314                           
   315                           	psect	intentry
   316  0004                     __pintentry:	
   317                           ;incstack = 0
   318                           ; Regs used in _KESME: [wreg+status,2+status,0]
   319                           
   320  0004                     interrupt_function:	
   321  007E                     saved_w	set	btemp
   322  0004  00FE               	movwf	btemp
   323  0005  0E03               	swapf	3,w
   324  0006  00F0               	movwf	??_KESME
   325  0007  0804               	movf	4,w
   326  0008  00F1               	movwf	??_KESME+1
   327  0009  080A               	movf	10,w
   328  000A  00F2               	movwf	??_KESME+2
   329  000B  1283               	bcf	3,5	;RP0=0, select bank0
   330  000C  1303               	bcf	3,6	;RP1=0, select bank0
   331  000D  087F               	movf	btemp+1,w
   332  000E  00F3               	movwf	??_KESME+3
   333  000F  120A  118A  281B   	ljmp	_KESME


Data Sizes:
    Strings     0
    Constant    0
    Data        0
    BSS         2
    Persistent  0
    Stack       0

Auto Spaces:
    Space          Size  Autos    Used
    COMMON           14      4       6
    BANK0            80      0       0
    BANK1            80      0       0
    BANK3            96      0       0
    BANK2            96      0       0

Pointer List with Targets:

    None.

Critical Paths under _main in COMMON

    None.

Critical Paths under _KESME in COMMON

    None.

Critical Paths under _main in BANK0

    None.

Critical Paths under _KESME in BANK0

    None.

Critical Paths under _main in BANK1

    None.

Critical Paths under _KESME in BANK1

    None.

Critical Paths under _main in BANK3

    None.

Critical Paths under _KESME in BANK3

    None.

Critical Paths under _main in BANK2

    None.

Critical Paths under _KESME in BANK2

    None.

Call Graph Tables:

 ---------------------------------------------------------------------------------
 (Depth) Function   	        Calls       Base Space   Used Autos Params    Refs
 ---------------------------------------------------------------------------------
 (0) _main                                                 0     0      0       0
 ---------------------------------------------------------------------------------
 Estimated maximum stack depth 0
 ---------------------------------------------------------------------------------
 (Depth) Function   	        Calls       Base Space   Used Autos Params    Refs
 ---------------------------------------------------------------------------------
 (1) _KESME                                                4     4      0       0
                                              0 COMMON     4     4      0
 ---------------------------------------------------------------------------------
 Estimated maximum stack depth 1
 ---------------------------------------------------------------------------------

 Call Graph Graphs:

 _main (ROOT)

 _KESME (ROOT)

 Address spaces:
Name               Size   Autos  Total    Cost      Usage
BITCOMMON            E      0       0       0        0.0%
EEDATA             100      0       0       0        0.0%
NULL                 0      0       0       0        0.0%
CODE                 0      0       0       0        0.0%
COMMON               E      4       6       1       42.9%
BITSFR0              0      0       0       1        0.0%
SFR0                 0      0       0       1        0.0%
BITSFR1              0      0       0       2        0.0%
SFR1                 0      0       0       2        0.0%
STACK                0      0       0       2        0.0%
ABS                  0      0       6       3        0.0%
BITBANK0            50      0       0       4        0.0%
BITSFR3              0      0       0       4        0.0%
SFR3                 0      0       0       4        0.0%
BANK0               50      0       0       5        0.0%
BITSFR2              0      0       0       5        0.0%
SFR2                 0      0       0       5        0.0%
BITBANK1            50      0       0       6        0.0%
BANK1               50      0       0       7        0.0%
BITBANK3            60      0       0       8        0.0%
BANK3               60      0       0       9        0.0%
BITBANK2            60      0       0      10        0.0%
BANK2               60      0       0      11        0.0%
DATA                 0      0       6      12        0.0%


Microchip Technology PIC Macro Assembler V1.45 build -152302408 
Symbol Table                                                                                   Tue Mar 10 21:15:50 2020

            __CFG_CP$OFF 0000                       l30 004C              __CFG_LVP$ON 0000  
                    _GIE 005F                      _RB0 0030             __CFG_CPD$OFF 0000  
                    fsr0 0004             __CFG_FOSC$XT 0000                     _T0IE 005D  
                   _T0IF 005A                     i1l25 002F                     _TMR0 0001  
           __CFG_WRT$OFF 0000                     _main 003A                     btemp 007E  
          __CFG_BOREN$ON 0000                     start 0012                    ?_main 0070  
          __CFG_WDTE$OFF 0000                    _KESME 001B                    i1l503 002C  
                  _PORTA 0005                    _TRISB 0086                    _sayac 0074  
                  pclath 000A                    status 0003                    wtemp0 007E  
        __initialization 0015             __end_of_main 004D                   ??_main 0074  
                 ?_KESME 0070           __CFG_PWRTE$OFF 0000                   saved_w 007E  
__end_of__initialization 0017            __end_of_KESME 003A           __pcstackCOMMON 0070  
                ??_KESME 0070               __pmaintext 003A               __pintentry 0004  
                __ptext1 001B     end_of_initialization 0017      start_initialization 0015  
            __pbssCOMMON 0074                ___latbits 0002           __size_of_KESME 001F  
      interrupt_function 0004            __size_of_main 0013                 intlevel1 0000  
             _OPTION_REG 0081  
