

Microchip Technology PIC LITE Macro Assembler V1.45 build -152302408 
                                                                                               Mon Mar 09 21:21:29 2020

Microchip Technology Omniscient Code Generator v1.45 (Free mode) build 201711160504
     1                           	processor	16F877A
     2                           	opt	pw 120
     3                           	opt	lm
     4                           	psect	cinit,global,class=CODE,merge=1,delta=2
     5                           	psect	cstackCOMMON,global,class=COMMON,space=1,delta=1
     6                           	psect	cstackBANK0,global,class=BANK0,space=1,delta=1
     7                           	psect	maintext,global,class=CODE,split=1,delta=2
     8                           	psect	text1,local,class=CODE,merge=1,delta=2
     9                           	psect	intentry,global,class=CODE,delta=2
    10                           	dabs	1,0x7E,2
    11  0000                     
    12                           ; Version 1.45
    13                           ; Generated 16/11/2017 GMT
    14                           ; 
    15                           ; Copyright © 2017, Microchip Technology Inc. and its subsidiaries ("Microchip")
    16                           ; All rights reserved.
    17                           ; 
    18                           ; This software is developed by Microchip Technology Inc. and its subsidiaries ("Microch
      +                          ip").
    19                           ; 
    20                           ; Redistribution and use in source and binary forms, with or without modification, are
    21                           ; permitted provided that the following conditions are met:
    22                           ; 
    23                           ;     1. Redistributions of source code must retain the above copyright notice, this lis
      +                          t of
    24                           ;        conditions and the following disclaimer.
    25                           ; 
    26                           ;     2. Redistributions in binary form must reproduce the above copyright notice, this 
      +                          list
    27                           ;        of conditions and the following disclaimer in the documentation and/or other
    28                           ;        materials provided with the distribution.
    29                           ; 
    30                           ;     3. Microchip's name may not be used to endorse or promote products derived from th
      +                          is
    31                           ;        software without specific prior written permission.
    32                           ; 
    33                           ; THIS SOFTWARE IS PROVIDED BY MICROCHIP "AS IS" AND ANY EXPRESS OR IMPLIED WARRANTIES,
    34                           ; INCLUDING, BUT NOT LIMITED TO, THE IMPLIED WARRANTIES OF MERCHANTABILITY AND FITNESS F
      +                          OR
    35                           ; PURPOSE ARE DISCLAIMED.  IN NO EVENT SHALL MICROCHIP BE LIABLE FOR ANY DIRECT, INDIREC
      +                          T,
    36                           ; INCIDENTAL, SPECIAL, EXEMPLARY, OR CONSEQUENTIAL DAMAGES (INCLUDING BUT NOT LIMITED TO
    37                           ; PROCUREMENT OF SUBSTITUTE GOODS OR SERVICES; LOSS OF USE, DATA OR PROFITS; OR BUSINESS
    38                           ; INTERRUPTION) HOWSOEVER CAUSED AND ON ANY THEORY OF LIABILITY, WHETHER IN CONTRACT, ST
      +                          RICT
    39                           ; LIABILITY, OR TORT (INCLUDING NEGLIGENCE OR OTHERWISE) ARISING IN ANY WAY OUT OF THE U
      +                          SE OF
    40                           ; THIS SOFTWARE, EVEN IF ADVISED OF THE POSSIBILITY OF SUCH DAMAGE.
    41                           ; 
    42                           ; 
    43                           ; Code-generator required, PIC16F877A Definitions
    44                           ; 
    45                           ; SFR Addresses
    46  0000                     	;# 
    47  0001                     	;# 
    48  0002                     	;# 
    49  0003                     	;# 
    50  0004                     	;# 
    51  0005                     	;# 
    52  0006                     	;# 
    53  0007                     	;# 
    54  0008                     	;# 
    55  0009                     	;# 
    56  000A                     	;# 
    57  000B                     	;# 
    58  000C                     	;# 
    59  000D                     	;# 
    60  000E                     	;# 
    61  000E                     	;# 
    62  000F                     	;# 
    63  0010                     	;# 
    64  0011                     	;# 
    65  0012                     	;# 
    66  0013                     	;# 
    67  0014                     	;# 
    68  0015                     	;# 
    69  0015                     	;# 
    70  0016                     	;# 
    71  0017                     	;# 
    72  0018                     	;# 
    73  0019                     	;# 
    74  001A                     	;# 
    75  001B                     	;# 
    76  001B                     	;# 
    77  001C                     	;# 
    78  001D                     	;# 
    79  001E                     	;# 
    80  001F                     	;# 
    81  0081                     	;# 
    82  0085                     	;# 
    83  0086                     	;# 
    84  0087                     	;# 
    85  0088                     	;# 
    86  0089                     	;# 
    87  008C                     	;# 
    88  008D                     	;# 
    89  008E                     	;# 
    90  0091                     	;# 
    91  0092                     	;# 
    92  0093                     	;# 
    93  0094                     	;# 
    94  0098                     	;# 
    95  0099                     	;# 
    96  009C                     	;# 
    97  009D                     	;# 
    98  009E                     	;# 
    99  009F                     	;# 
   100  010C                     	;# 
   101  010D                     	;# 
   102  010E                     	;# 
   103  010F                     	;# 
   104  018C                     	;# 
   105  018D                     	;# 
   106  0005                     _PORTA	set	5
   107  0032                     _RB2	set	50
   108  0031                     _RB1	set	49
   109  005C                     _INTE	set	92
   110  005F                     _GIE	set	95
   111  0059                     _INTF	set	89
   112  0085                     _TRISA	set	133
   113  0086                     _TRISB	set	134
   114                           
   115                           ; #config settings
   116  0000                     
   117                           	psect	cinit
   118  0015                     start_initialization:	
   119  0015                     __initialization:	
   120  0015                     end_of_initialization:	
   121                           ;End of C runtime variable initialization code
   122                           
   123  0015                     __end_of__initialization:	
   124  0015  0183               	clrf	3
   125  0016  120A  118A  2819   	ljmp	_main	;jump to C main() function
   126                           
   127                           	psect	cstackCOMMON
   128  0070                     __pcstackCOMMON:	
   129  0070                     ?_KESME:	
   130  0070                     ??_KESME:	
   131                           ; 1 bytes @ 0x0
   132                           
   133  0070                     ?_main:	
   134                           ; 1 bytes @ 0x0
   135                           
   136                           
   137                           ; 1 bytes @ 0x0
   138  0070                     	ds	7
   139                           
   140                           	psect	cstackBANK0
   141  0020                     __pcstackBANK0:	
   142  0020                     ??_main:	
   143                           
   144                           ; 1 bytes @ 0x0
   145  0020                     	ds	3
   146                           
   147                           	psect	maintext
   148  0019                     __pmaintext:	
   149 ;;
   150 ;;Main: autosize = 0, tempsize = 3, incstack = 0, save=0
   151 ;;
   152 ;; *************** function _main *****************
   153 ;; Defined at:
   154 ;;		line 21 in file "mcu10.c"
   155 ;; Parameters:    Size  Location     Type
   156 ;;		None
   157 ;; Auto vars:     Size  Location     Type
   158 ;;		None
   159 ;; Return value:  Size  Location     Type
   160 ;;                  1    wreg      void 
   161 ;; Registers used:
   162 ;;		wreg, status,2
   163 ;; Tracked objects:
   164 ;;		On entry : B00/0
   165 ;;		On exit  : 0/0
   166 ;;		Unchanged: 0/0
   167 ;; Data sizes:     COMMON   BANK0   BANK1   BANK3   BANK2
   168 ;;      Params:         0       0       0       0       0
   169 ;;      Locals:         0       0       0       0       0
   170 ;;      Temps:          0       3       0       0       0
   171 ;;      Totals:         0       3       0       0       0
   172 ;;Total ram usage:        3 bytes
   173 ;; Hardware stack levels required when called:    1
   174 ;; This function calls:
   175 ;;		Nothing
   176 ;; This function is called by:
   177 ;;		Startup code after reset
   178 ;; This function uses a non-reentrant model
   179 ;;
   180                           
   181                           
   182                           ;psect for function _main
   183  0019                     _main:	
   184                           
   185                           ;mcu10.c: 22: GIE=1;
   186                           
   187                           ;incstack = 0
   188                           ; Regs used in _main: [wreg+status,2]
   189  0019  178B               	bsf	11,7	;volatile
   190                           
   191                           ;mcu10.c: 23: INTE=1;
   192  001A  160B               	bsf	11,4	;volatile
   193                           
   194                           ;mcu10.c: 24: TRISB = 0x01;
   195  001B  3001               	movlw	1
   196  001C  1683               	bsf	3,5	;RP0=1, select bank1
   197  001D  1303               	bcf	3,6	;RP1=0, select bank1
   198  001E  0086               	movwf	6	;volatile
   199                           
   200                           ;mcu10.c: 25: TRISA = 0x00;
   201  001F  0185               	clrf	5	;volatile
   202                           
   203                           ;mcu10.c: 26: PORTA=0;
   204  0020  1283               	bcf	3,5	;RP0=0, select bank0
   205  0021  1303               	bcf	3,6	;RP1=0, select bank0
   206  0022  0185               	clrf	5	;volatile
   207  0023                     l524:	
   208                           ;mcu10.c: 27: while (1) {
   209                           
   210                           
   211                           ;mcu10.c: 28: RB1=0;_delay((unsigned long)((1000)*(4000000/4000.0)));
   212  0023  1283               	bcf	3,5	;RP0=0, select bank0
   213  0024  1303               	bcf	3,6	;RP1=0, select bank0
   214  0025  1086               	bcf	6,1	;volatile
   215  0026  3006               	movlw	6
   216  0027  1283               	bcf	3,5	;RP0=0, select bank0
   217  0028  1303               	bcf	3,6	;RP1=0, select bank0
   218  0029  00A2               	movwf	??_main+2
   219  002A  3013               	movlw	19
   220  002B  00A1               	movwf	??_main+1
   221  002C  30AD               	movlw	173
   222  002D  00A0               	movwf	??_main
   223  002E                     u27:	
   224  002E  0BA0               	decfsz	??_main,f
   225  002F  282E               	goto	u27
   226  0030  0BA1               	decfsz	??_main+1,f
   227  0031  282E               	goto	u27
   228  0032  0BA2               	decfsz	??_main+2,f
   229  0033  282E               	goto	u27
   230                           
   231                           ;mcu10.c: 29: RB1=1;_delay((unsigned long)((1000)*(4000000/4000.0)));
   232  0034  1283               	bcf	3,5	;RP0=0, select bank0
   233  0035  1303               	bcf	3,6	;RP1=0, select bank0
   234  0036  1486               	bsf	6,1	;volatile
   235  0037  3006               	movlw	6
   236  0038  1283               	bcf	3,5	;RP0=0, select bank0
   237  0039  1303               	bcf	3,6	;RP1=0, select bank0
   238  003A  00A2               	movwf	??_main+2
   239  003B  3013               	movlw	19
   240  003C  00A1               	movwf	??_main+1
   241  003D  30AD               	movlw	173
   242  003E  00A0               	movwf	??_main
   243  003F                     u37:	
   244  003F  0BA0               	decfsz	??_main,f
   245  0040  283F               	goto	u37
   246  0041  0BA1               	decfsz	??_main+1,f
   247  0042  283F               	goto	u37
   248  0043  0BA2               	decfsz	??_main+2,f
   249  0044  283F               	goto	u37
   250                           
   251                           ;mcu10.c: 30: RB2=0;_delay((unsigned long)((1000)*(4000000/4000.0)));
   252  0045  1283               	bcf	3,5	;RP0=0, select bank0
   253  0046  1303               	bcf	3,6	;RP1=0, select bank0
   254  0047  1106               	bcf	6,2	;volatile
   255  0048  3006               	movlw	6
   256  0049  1283               	bcf	3,5	;RP0=0, select bank0
   257  004A  1303               	bcf	3,6	;RP1=0, select bank0
   258  004B  00A2               	movwf	??_main+2
   259  004C  3013               	movlw	19
   260  004D  00A1               	movwf	??_main+1
   261  004E  30AD               	movlw	173
   262  004F  00A0               	movwf	??_main
   263  0050                     u47:	
   264  0050  0BA0               	decfsz	??_main,f
   265  0051  2850               	goto	u47
   266  0052  0BA1               	decfsz	??_main+1,f
   267  0053  2850               	goto	u47
   268  0054  0BA2               	decfsz	??_main+2,f
   269  0055  2850               	goto	u47
   270                           
   271                           ;mcu10.c: 31: RB2=1;_delay((unsigned long)((1000)*(4000000/4000.0)));
   272  0056  1283               	bcf	3,5	;RP0=0, select bank0
   273  0057  1303               	bcf	3,6	;RP1=0, select bank0
   274  0058  1506               	bsf	6,2	;volatile
   275  0059  3006               	movlw	6
   276  005A  1283               	bcf	3,5	;RP0=0, select bank0
   277  005B  1303               	bcf	3,6	;RP1=0, select bank0
   278  005C  00A2               	movwf	??_main+2
   279  005D  3013               	movlw	19
   280  005E  00A1               	movwf	??_main+1
   281  005F  30AD               	movlw	173
   282  0060  00A0               	movwf	??_main
   283  0061                     u57:	
   284  0061  0BA0               	decfsz	??_main,f
   285  0062  2861               	goto	u57
   286  0063  0BA1               	decfsz	??_main+1,f
   287  0064  2861               	goto	u57
   288  0065  0BA2               	decfsz	??_main+2,f
   289  0066  2861               	goto	u57
   290  0067  2823               	goto	l524
   291  0068                     __end_of_main:	
   292                           
   293                           	psect	text1
   294  0068                     __ptext1:	
   295 ;; *************** function _KESME *****************
   296 ;; Defined at:
   297 ;;		line 13 in file "mcu10.c"
   298 ;; Parameters:    Size  Location     Type
   299 ;;		None
   300 ;; Auto vars:     Size  Location     Type
   301 ;;		None
   302 ;; Return value:  Size  Location     Type
   303 ;;                  1    wreg      void 
   304 ;; Registers used:
   305 ;;		wreg, status,2
   306 ;; Tracked objects:
   307 ;;		On entry : 0/0
   308 ;;		On exit  : 0/0
   309 ;;		Unchanged: 0/0
   310 ;; Data sizes:     COMMON   BANK0   BANK1   BANK3   BANK2
   311 ;;      Params:         0       0       0       0       0
   312 ;;      Locals:         0       0       0       0       0
   313 ;;      Temps:          7       0       0       0       0
   314 ;;      Totals:         7       0       0       0       0
   315 ;;Total ram usage:        7 bytes
   316 ;; Hardware stack levels used:    1
   317 ;; This function calls:
   318 ;;		Nothing
   319 ;; This function is called by:
   320 ;;		Interrupt level 1
   321 ;; This function uses a non-reentrant model
   322 ;;
   323                           
   324                           
   325                           ;psect for function _KESME
   326  0068                     _KESME:	
   327                           
   328                           ;mcu10.c: 14: if(INTF) {
   329  0068  1C8B               	btfss	11,1	;volatile
   330  0069  287A               	goto	L1
   331                           
   332                           ;mcu10.c: 15: PORTA=1;
   333  006A  3001               	movlw	1
   334  006B  0085               	movwf	5	;volatile
   335                           
   336                           ;mcu10.c: 16: _delay((unsigned long)((2000)*(4000000/4000.0)));
   337  006C  300B               	movlw	11
   338  006D  00F2               	movwf	??_KESME+2
   339  006E  3026               	movlw	38
   340  006F  00F1               	movwf	??_KESME+1
   341  0070  305D               	movlw	93
   342  0071  00F0               	movwf	??_KESME
   343  0072                     u6_27:	
   344  0072  0BF0               	decfsz	??_KESME,f
   345  0073  2872               	goto	u6_27
   346  0074  0BF1               	decfsz	??_KESME+1,f
   347  0075  2872               	goto	u6_27
   348  0076  0BF2               	decfsz	??_KESME+2,f
   349  0077  2872               	goto	u6_27
   350  0078  2879               	nop2
   351                           
   352                           ;mcu10.c: 17: }
   353                           ;mcu10.c: 18: INTF=0;
   354  0079  108B               	bcf	11,1	;volatile
   355  007A                     L1:	
   356                           
   357                           ;mcu10.c: 19: PORTA=0;
   358  007A  1283               	bcf	3,5	;RP0=0, select bank0
   359  007B  1303               	bcf	3,6	;RP1=0, select bank0
   360  007C  0185               	clrf	5	;volatile
   361  007D  0876               	movf	??_KESME+6,w
   362  007E  00FF               	movwf	127
   363  007F  0875               	movf	??_KESME+5,w
   364  0080  008A               	movwf	10
   365  0081  0874               	movf	??_KESME+4,w
   366  0082  0084               	movwf	4
   367  0083  0E73               	swapf	(??_KESME+3)^(0+-128),w
   368  0084  0083               	movwf	3
   369  0085  0EFE               	swapf	126,f
   370  0086  0E7E               	swapf	126,w
   371  0087  0009               	retfie
   372  0088                     __end_of_KESME:	
   373  007E                     btemp	set	126	;btemp
   374  007E                     wtemp0	set	126
   375                           
   376                           	psect	intentry
   377  0004                     __pintentry:	
   378                           ;incstack = 0
   379                           ; Regs used in _KESME: [wreg+status,2]
   380                           
   381  0004                     interrupt_function:	
   382  007E                     saved_w	set	btemp
   383  0004  00FE               	movwf	btemp
   384  0005  0E03               	swapf	3,w
   385  0006  00F3               	movwf	??_KESME+3
   386  0007  0804               	movf	4,w
   387  0008  00F4               	movwf	??_KESME+4
   388  0009  080A               	movf	10,w
   389  000A  00F5               	movwf	??_KESME+5
   390  000B  1283               	bcf	3,5	;RP0=0, select bank0
   391  000C  1303               	bcf	3,6	;RP1=0, select bank0
   392  000D  087F               	movf	btemp+1,w
   393  000E  00F6               	movwf	??_KESME+6
   394  000F  120A  118A  2868   	ljmp	_KESME


Data Sizes:
    Strings     0
    Constant    0
    Data        0
    BSS         0
    Persistent  0
    Stack       0

Auto Spaces:
    Space          Size  Autos    Used
    COMMON           14      7       7
    BANK0            80      3       3
    BANK1            80      0       0
    BANK3            96      0       0
    BANK2            96      0       0

Pointer List with Targets:

    None.

Critical Paths under _main in COMMON

    None.

Critical Paths under _KESME in COMMON

    None.

Critical Paths under _main in BANK0

    None.

Critical Paths under _KESME in BANK0

    None.

Critical Paths under _main in BANK1

    None.

Critical Paths under _KESME in BANK1

    None.

Critical Paths under _main in BANK3

    None.

Critical Paths under _KESME in BANK3

    None.

Critical Paths under _main in BANK2

    None.

Critical Paths under _KESME in BANK2

    None.

Call Graph Tables:

 ---------------------------------------------------------------------------------
 (Depth) Function   	        Calls       Base Space   Used Autos Params    Refs
 ---------------------------------------------------------------------------------
 (0) _main                                                 3     3      0       0
                                              0 BANK0      3     3      0
 ---------------------------------------------------------------------------------
 Estimated maximum stack depth 0
 ---------------------------------------------------------------------------------
 (Depth) Function   	        Calls       Base Space   Used Autos Params    Refs
 ---------------------------------------------------------------------------------
 (1) _KESME                                                7     7      0       0
                                              0 COMMON     7     7      0
 ---------------------------------------------------------------------------------
 Estimated maximum stack depth 1
 ---------------------------------------------------------------------------------

 Call Graph Graphs:

 _main (ROOT)

 _KESME (ROOT)

 Address spaces:
Name               Size   Autos  Total    Cost      Usage
BITCOMMON            E      0       0       0        0.0%
EEDATA             100      0       0       0        0.0%
NULL                 0      0       0       0        0.0%
CODE                 0      0       0       0        0.0%
COMMON               E      7       7       1       50.0%
BITSFR0              0      0       0       1        0.0%
SFR0                 0      0       0       1        0.0%
BITSFR1              0      0       0       2        0.0%
SFR1                 0      0       0       2        0.0%
STACK                0      0       0       2        0.0%
ABS                  0      0       0       3        0.0%
BITBANK0            50      0       0       4        0.0%
BITSFR3              0      0       0       4        0.0%
SFR3                 0      0       0       4        0.0%
BANK0               50      3       3       5        3.8%
BITSFR2              0      0       0       5        0.0%
SFR2                 0      0       0       5        0.0%
BITBANK1            50      0       0       6        0.0%
BANK1               50      0       0       7        0.0%
BITBANK3            60      0       0       8        0.0%
BANK3               60      0       0       9        0.0%
BITBANK2            60      0       0      10        0.0%
BANK2               60      0       0      11        0.0%
DATA                 0      0       0      12        0.0%


Microchip Technology PIC Macro Assembler V1.45 build -152302408 
Symbol Table                                                                                   Mon Mar 09 21:21:29 2020

            __CFG_CP$OFF 0000                       u27 002E                       u37 003F  
                     u47 0050                       u57 0061              __CFG_LVP$ON 0000  
                    l524 0023                      _GIE 005F                      _RB1 0031  
                    _RB2 0032             __CFG_CPD$OFF 0000                      fsr0 0004  
           __CFG_FOSC$XT 0000                     _INTE 005C                     _INTF 0059  
                   u6_27 0072             __CFG_WRT$OFF 0000                     _main 0019  
                   btemp 007E            __CFG_BOREN$ON 0000                     start 0012  
                  ?_main 0070            __CFG_WDTE$OFF 0000                    _KESME 0068  
                  _PORTA 0005                    _TRISA 0085                    _TRISB 0086  
                  pclath 000A                    status 0003                    wtemp0 007E  
        __initialization 0015             __end_of_main 0068                   ??_main 0020  
                 ?_KESME 0070           __CFG_PWRTE$OFF 0000                   saved_w 007E  
__end_of__initialization 0015            __end_of_KESME 0088           __pcstackCOMMON 0070  
                ??_KESME 0070               __pmaintext 0019               __pintentry 0004  
                __ptext1 0068     end_of_initialization 0015      start_initialization 0015  
              ___latbits 0002            __pcstackBANK0 0020           __size_of_KESME 0020  
      interrupt_function 0004            __size_of_main 004F                 intlevel1 0000  
