

Microchip Technology PIC LITE Macro Assembler V1.45 build -152302408 
                                                                                               Fri Mar 06 19:58:35 2020

Microchip Technology Omniscient Code Generator v1.45 (Free mode) build 201711160504
     1                           	processor	16F877A
     2                           	opt	pw 120
     3                           	opt	lm
     4                           	psect	strings,global,class=STRING,delta=2
     5                           	psect	cinit,global,class=CODE,merge=1,delta=2
     6                           	psect	bssCOMMON,global,class=COMMON,space=1,delta=1
     7                           	psect	cstackCOMMON,global,class=COMMON,space=1,delta=1
     8                           	psect	maintext,global,class=CODE,split=1,delta=2
     9                           	dabs	1,0x7E,2
    10  0000                     
    11                           ; Version 1.45
    12                           ; Generated 16/11/2017 GMT
    13                           ; 
    14                           ; Copyright © 2017, Microchip Technology Inc. and its subsidiaries ("Microchip")
    15                           ; All rights reserved.
    16                           ; 
    17                           ; This software is developed by Microchip Technology Inc. and its subsidiaries ("Microch
      +                          ip").
    18                           ; 
    19                           ; Redistribution and use in source and binary forms, with or without modification, are
    20                           ; permitted provided that the following conditions are met:
    21                           ; 
    22                           ;     1. Redistributions of source code must retain the above copyright notice, this lis
      +                          t of
    23                           ;        conditions and the following disclaimer.
    24                           ; 
    25                           ;     2. Redistributions in binary form must reproduce the above copyright notice, this 
      +                          list
    26                           ;        of conditions and the following disclaimer in the documentation and/or other
    27                           ;        materials provided with the distribution.
    28                           ; 
    29                           ;     3. Microchip's name may not be used to endorse or promote products derived from th
      +                          is
    30                           ;        software without specific prior written permission.
    31                           ; 
    32                           ; THIS SOFTWARE IS PROVIDED BY MICROCHIP "AS IS" AND ANY EXPRESS OR IMPLIED WARRANTIES,
    33                           ; INCLUDING, BUT NOT LIMITED TO, THE IMPLIED WARRANTIES OF MERCHANTABILITY AND FITNESS F
      +                          OR
    34                           ; PURPOSE ARE DISCLAIMED.  IN NO EVENT SHALL MICROCHIP BE LIABLE FOR ANY DIRECT, INDIREC
      +                          T,
    35                           ; INCIDENTAL, SPECIAL, EXEMPLARY, OR CONSEQUENTIAL DAMAGES (INCLUDING BUT NOT LIMITED TO
    36                           ; PROCUREMENT OF SUBSTITUTE GOODS OR SERVICES; LOSS OF USE, DATA OR PROFITS; OR BUSINESS
    37                           ; INTERRUPTION) HOWSOEVER CAUSED AND ON ANY THEORY OF LIABILITY, WHETHER IN CONTRACT, ST
      +                          RICT
    38                           ; LIABILITY, OR TORT (INCLUDING NEGLIGENCE OR OTHERWISE) ARISING IN ANY WAY OUT OF THE U
      +                          SE OF
    39                           ; THIS SOFTWARE, EVEN IF ADVISED OF THE POSSIBILITY OF SUCH DAMAGE.
    40                           ; 
    41                           ; 
    42                           ; Code-generator required, PIC16F877A Definitions
    43                           ; 
    44                           ; SFR Addresses
    45  0000                     	;# 
    46  0001                     	;# 
    47  0002                     	;# 
    48  0003                     	;# 
    49  0004                     	;# 
    50  0005                     	;# 
    51  0006                     	;# 
    52  0007                     	;# 
    53  0008                     	;# 
    54  0009                     	;# 
    55  000A                     	;# 
    56  000B                     	;# 
    57  000C                     	;# 
    58  000D                     	;# 
    59  000E                     	;# 
    60  000E                     	;# 
    61  000F                     	;# 
    62  0010                     	;# 
    63  0011                     	;# 
    64  0012                     	;# 
    65  0013                     	;# 
    66  0014                     	;# 
    67  0015                     	;# 
    68  0015                     	;# 
    69  0016                     	;# 
    70  0017                     	;# 
    71  0018                     	;# 
    72  0019                     	;# 
    73  001A                     	;# 
    74  001B                     	;# 
    75  001B                     	;# 
    76  001C                     	;# 
    77  001D                     	;# 
    78  001E                     	;# 
    79  001F                     	;# 
    80  0081                     	;# 
    81  0085                     	;# 
    82  0086                     	;# 
    83  0087                     	;# 
    84  0088                     	;# 
    85  0089                     	;# 
    86  008C                     	;# 
    87  008D                     	;# 
    88  008E                     	;# 
    89  0091                     	;# 
    90  0092                     	;# 
    91  0093                     	;# 
    92  0094                     	;# 
    93  0098                     	;# 
    94  0099                     	;# 
    95  009C                     	;# 
    96  009D                     	;# 
    97  009E                     	;# 
    98  009F                     	;# 
    99  010C                     	;# 
   100  010D                     	;# 
   101  010E                     	;# 
   102  010F                     	;# 
   103  018C                     	;# 
   104  018D                     	;# 
   105                           
   106                           	psect	strings
   107  0003                     __pstrings:	
   108  0003                     stringtab:	
   109  0003                     __stringtab:	
   110  0003                     stringcode:	
   111                           ;	String table - string pointers are 1 byte each
   112                           
   113  0003                     stringdir:	
   114  0003  3000               	movlw	high stringdir
   115  0004  008A               	movwf	10
   116  0005  0804               	movf	4,w
   117  0006  0A84               	incf	4,f
   118  0007  0782               	addwf	2,f
   119  0008                     __stringbase:	
   120  0008  3400               	retlw	0
   121  0009                     __end_of__stringtab:	
   122  0009                     _dizi:	
   123  0009  343F               	retlw	63
   124  000A  3406               	retlw	6
   125  000B  345B               	retlw	91
   126  000C  344F               	retlw	79
   127  000D  3466               	retlw	102
   128  000E  346D               	retlw	109
   129  000F  347D               	retlw	125
   130  0010  3407               	retlw	7
   131  0011  347F               	retlw	127
   132  0012  346F               	retlw	111
   133  0013                     __end_of_dizi:	
   134  0006                     _PORTB	set	6
   135  0086                     _TRISB	set	134
   136                           
   137                           ; #config settings
   138  0000                     
   139                           	psect	cinit
   140  07FA                     start_initialization:	
   141  07FA                     __initialization:	
   142                           
   143                           ; Clear objects allocated to COMMON
   144  07FA  01F3               	clrf	__pbssCOMMON& (0+127)
   145  07FB  01F4               	clrf	(__pbssCOMMON+1)& (0+127)
   146  07FC                     end_of_initialization:	
   147                           ;End of C runtime variable initialization code
   148                           
   149  07FC                     __end_of__initialization:	
   150  07FC  0183               	clrf	3
   151  07FD  120A  118A  2FC8   	ljmp	_main	;jump to C main() function
   152                           
   153                           	psect	bssCOMMON
   154  0073                     __pbssCOMMON:	
   155  0073                     _i:	
   156  0073                     	ds	2
   157                           
   158                           	psect	cstackCOMMON
   159  0070                     __pcstackCOMMON:	
   160  0070                     ?_main:	
   161  0070                     ??_main:	
   162                           ; 1 bytes @ 0x0
   163                           
   164                           
   165                           ; 1 bytes @ 0x0
   166  0070                     	ds	3
   167                           
   168                           	psect	maintext
   169  07C8                     __pmaintext:	
   170 ;;
   171 ;;Main: autosize = 0, tempsize = 3, incstack = 0, save=0
   172 ;;
   173 ;; *************** function _main *****************
   174 ;; Defined at:
   175 ;;		line 21 in file "mcu4.c"
   176 ;; Parameters:    Size  Location     Type
   177 ;;		None
   178 ;; Auto vars:     Size  Location     Type
   179 ;;		None
   180 ;; Return value:  Size  Location     Type
   181 ;;                  1    wreg      void 
   182 ;; Registers used:
   183 ;;		wreg, fsr0l, fsr0h, status,2, status,0, btemp+1, pclath
   184 ;; Tracked objects:
   185 ;;		On entry : B00/0
   186 ;;		On exit  : 0/0
   187 ;;		Unchanged: 0/0
   188 ;; Data sizes:     COMMON   BANK0   BANK1   BANK3   BANK2
   189 ;;      Params:         0       0       0       0       0
   190 ;;      Locals:         0       0       0       0       0
   191 ;;      Temps:          3       0       0       0       0
   192 ;;      Totals:         3       0       0       0       0
   193 ;;Total ram usage:        3 bytes
   194 ;; Hardware stack levels used:    1
   195 ;; This function calls:
   196 ;;		Nothing
   197 ;; This function is called by:
   198 ;;		Startup code after reset
   199 ;; This function uses a non-reentrant model
   200 ;;
   201                           
   202                           
   203                           ;psect for function _main
   204  07C8                     _main:	
   205                           
   206                           ;mcu4.c: 22: TRISB=0x00;
   207                           
   208                           ;incstack = 0
   209                           ; Regs used in _main: [wreg-fsr0h+status,2+status,0+btemp+1+pclath]
   210  07C8  1683               	bsf	3,5	;RP0=1, select bank1
   211  07C9  1303               	bcf	3,6	;RP1=0, select bank1
   212  07CA  0186               	clrf	6	;volatile
   213                           
   214                           ;mcu4.c: 23: PORTB=0x00;
   215  07CB  1283               	bcf	3,5	;RP0=0, select bank0
   216  07CC  1303               	bcf	3,6	;RP1=0, select bank0
   217  07CD  0186               	clrf	6	;volatile
   218  07CE                     l493:	
   219                           ;mcu4.c: 24: while(1){
   220                           
   221                           
   222                           ;mcu4.c: 25: PORTB=dizi[i];
   223  07CE  0873               	movf	_i,w
   224  07CF  3E01               	addlw	low ((_dizi-__stringbase)| (0+32768))
   225  07D0  0084               	movwf	4
   226  07D1  120A  118A  2003  120A  118A  	fcall	stringdir
   227  07D6  1283               	bcf	3,5	;RP0=0, select bank0
   228  07D7  1303               	bcf	3,6	;RP1=0, select bank0
   229  07D8  0086               	movwf	6	;volatile
   230                           
   231                           ;mcu4.c: 26: _delay((unsigned long)((1000)*(4000000/4000.0)));
   232  07D9  3006               	movlw	6
   233  07DA  00F2               	movwf	??_main+2
   234  07DB  3013               	movlw	19
   235  07DC  00F1               	movwf	??_main+1
   236  07DD  30AD               	movlw	173
   237  07DE  00F0               	movwf	??_main
   238  07DF                     u37:	
   239  07DF  0BF0               	decfsz	??_main,f
   240  07E0  2FDF               	goto	u37
   241  07E1  0BF1               	decfsz	??_main+1,f
   242  07E2  2FDF               	goto	u37
   243  07E3  0BF2               	decfsz	??_main+2,f
   244  07E4  2FDF               	goto	u37
   245  07E5  2FE6               	nop2
   246                           
   247                           ;mcu4.c: 27: i++;
   248  07E6  3001               	movlw	1
   249  07E7  07F3               	addwf	_i,f
   250  07E8  1803               	skipnc
   251  07E9  0AF4               	incf	_i+1,f
   252  07EA  3000               	movlw	0
   253  07EB  07F4               	addwf	_i+1,f
   254                           
   255                           ;mcu4.c: 29: if(i>9){
   256  07EC  0874               	movf	_i+1,w
   257  07ED  3A80               	xorlw	128
   258  07EE  00FF               	movwf	127
   259  07EF  3080               	movlw	128
   260  07F0  027F               	subwf	127,w
   261  07F1  1D03               	skipz
   262  07F2  2FF5               	goto	u25
   263  07F3  300A               	movlw	10
   264  07F4  0273               	subwf	_i,w
   265  07F5                     u25:	
   266  07F5  1C03               	skipc
   267  07F6  2FCE               	goto	l493
   268                           
   269                           ;mcu4.c: 30: i=0;
   270  07F7  01F3               	clrf	_i
   271  07F8  01F4               	clrf	_i+1
   272  07F9  2FCE               	goto	l493
   273  07FA                     __end_of_main:	
   274  007E                     btemp	set	126	;btemp
   275  007E                     wtemp0	set	126


Data Sizes:
    Strings     0
    Constant    10
    Data        0
    BSS         2
    Persistent  0
    Stack       0

Auto Spaces:
    Space          Size  Autos    Used
    COMMON           14      3       5
    BANK0            80      0       0
    BANK1            80      0       0
    BANK3            96      0       0
    BANK2            96      0       0

Pointer List with Targets:

    None.

Critical Paths under _main in COMMON

    None.

Critical Paths under _main in BANK0

    None.

Critical Paths under _main in BANK1

    None.

Critical Paths under _main in BANK3

    None.

Critical Paths under _main in BANK2

    None.

Call Graph Tables:

 ---------------------------------------------------------------------------------
 (Depth) Function   	        Calls       Base Space   Used Autos Params    Refs
 ---------------------------------------------------------------------------------
 (1) _main                                                 3     3      0       0
                                              0 COMMON     3     3      0
 ---------------------------------------------------------------------------------
 Estimated maximum stack depth 1
 ---------------------------------------------------------------------------------

 Call Graph Graphs:

 _main (ROOT)

 Address spaces:
Name               Size   Autos  Total    Cost      Usage
BITCOMMON            E      0       0       0        0.0%
EEDATA             100      0       0       0        0.0%
NULL                 0      0       0       0        0.0%
CODE                 0      0       0       0        0.0%
COMMON               E      3       5       1       35.7%
BITSFR0              0      0       0       1        0.0%
SFR0                 0      0       0       1        0.0%
BITSFR1              0      0       0       2        0.0%
SFR1                 0      0       0       2        0.0%
STACK                0      0       0       2        0.0%
ABS                  0      0       5       3        0.0%
BITBANK0            50      0       0       4        0.0%
BITSFR3              0      0       0       4        0.0%
SFR3                 0      0       0       4        0.0%
BANK0               50      0       0       5        0.0%
BITSFR2              0      0       0       5        0.0%
SFR2                 0      0       0       5        0.0%
BITBANK1            50      0       0       6        0.0%
BANK1               50      0       0       7        0.0%
BITBANK3            60      0       0       8        0.0%
BANK3               60      0       0       9        0.0%
BITBANK2            60      0       0      10        0.0%
BANK2               60      0       0      11        0.0%
DATA                 0      0       5      12        0.0%


Microchip Technology PIC Macro Assembler V1.45 build -152302408 
Symbol Table                                                                                   Fri Mar 06 19:58:35 2020

                      _i 0073                        pc 0002              __CFG_CP$OFF 0000  
                     u25 07F5                       u37 07DF                       fsr 0004  
            __CFG_LVP$ON 0000                      l493 07CE             __CFG_CPD$OFF 0000  
                    fsr0 0004             __CFG_FOSC$XT 0000             __CFG_WRT$OFF 0000  
                   _dizi 0009                     _main 07C8                     btemp 007E  
          __CFG_BOREN$ON 0000                     start 0000                    ?_main 0070  
          __CFG_WDTE$OFF 0000                    _PORTB 0006                    _TRISB 0086  
                  pclath 000A                    status 0003                    wtemp0 007E  
        __initialization 07FA             __end_of_dizi 0013             __end_of_main 07FA  
                 ??_main 0070           __CFG_PWRTE$OFF 0000  __end_of__initialization 07FC  
         __pcstackCOMMON 0070               __pmaintext 07C8               __stringtab 0003  
   end_of_initialization 07FC      start_initialization 07FA              __pbssCOMMON 0073  
              ___latbits 0002                __pstrings 0003              __stringbase 0008  
     __end_of__stringtab 0009            __size_of_main 0032                stringcode 0003  
               stringdir 0003                 stringtab 0003  
