

Microchip Technology PIC LITE Macro Assembler V1.45 build -152302408 
                                                                                               Mon Mar 02 02:16:16 2020

Microchip Technology Omniscient Code Generator v1.45 (Free mode) build 201711160504
     1                           	processor	16F877A
     2                           	opt	pw 120
     3                           	opt	lm
     4                           	psect	cinit,global,class=CODE,merge=1,delta=2
     5                           	psect	cstackCOMMON,global,class=COMMON,space=1,delta=1
     6                           	psect	maintext,global,class=CODE,split=1,delta=2
     7                           	dabs	1,0x7E,2
     8  0000                     
     9                           ; Version 1.45
    10                           ; Generated 16/11/2017 GMT
    11                           ; 
    12                           ; Copyright © 2017, Microchip Technology Inc. and its subsidiaries ("Microchip")
    13                           ; All rights reserved.
    14                           ; 
    15                           ; This software is developed by Microchip Technology Inc. and its subsidiaries ("Microch
      +                          ip").
    16                           ; 
    17                           ; Redistribution and use in source and binary forms, with or without modification, are
    18                           ; permitted provided that the following conditions are met:
    19                           ; 
    20                           ;     1. Redistributions of source code must retain the above copyright notice, this lis
      +                          t of
    21                           ;        conditions and the following disclaimer.
    22                           ; 
    23                           ;     2. Redistributions in binary form must reproduce the above copyright notice, this 
      +                          list
    24                           ;        of conditions and the following disclaimer in the documentation and/or other
    25                           ;        materials provided with the distribution.
    26                           ; 
    27                           ;     3. Microchip's name may not be used to endorse or promote products derived from th
      +                          is
    28                           ;        software without specific prior written permission.
    29                           ; 
    30                           ; THIS SOFTWARE IS PROVIDED BY MICROCHIP "AS IS" AND ANY EXPRESS OR IMPLIED WARRANTIES,
    31                           ; INCLUDING, BUT NOT LIMITED TO, THE IMPLIED WARRANTIES OF MERCHANTABILITY AND FITNESS F
      +                          OR
    32                           ; PURPOSE ARE DISCLAIMED.  IN NO EVENT SHALL MICROCHIP BE LIABLE FOR ANY DIRECT, INDIREC
      +                          T,
    33                           ; INCIDENTAL, SPECIAL, EXEMPLARY, OR CONSEQUENTIAL DAMAGES (INCLUDING BUT NOT LIMITED TO
    34                           ; PROCUREMENT OF SUBSTITUTE GOODS OR SERVICES; LOSS OF USE, DATA OR PROFITS; OR BUSINESS
    35                           ; INTERRUPTION) HOWSOEVER CAUSED AND ON ANY THEORY OF LIABILITY, WHETHER IN CONTRACT, ST
      +                          RICT
    36                           ; LIABILITY, OR TORT (INCLUDING NEGLIGENCE OR OTHERWISE) ARISING IN ANY WAY OUT OF THE U
      +                          SE OF
    37                           ; THIS SOFTWARE, EVEN IF ADVISED OF THE POSSIBILITY OF SUCH DAMAGE.
    38                           ; 
    39                           ; 
    40                           ; Code-generator required, PIC16F877A Definitions
    41                           ; 
    42                           ; SFR Addresses
    43  0000                     	;# 
    44  0001                     	;# 
    45  0002                     	;# 
    46  0003                     	;# 
    47  0004                     	;# 
    48  0005                     	;# 
    49  0006                     	;# 
    50  0007                     	;# 
    51  0008                     	;# 
    52  0009                     	;# 
    53  000A                     	;# 
    54  000B                     	;# 
    55  000C                     	;# 
    56  000D                     	;# 
    57  000E                     	;# 
    58  000E                     	;# 
    59  000F                     	;# 
    60  0010                     	;# 
    61  0011                     	;# 
    62  0012                     	;# 
    63  0013                     	;# 
    64  0014                     	;# 
    65  0015                     	;# 
    66  0015                     	;# 
    67  0016                     	;# 
    68  0017                     	;# 
    69  0018                     	;# 
    70  0019                     	;# 
    71  001A                     	;# 
    72  001B                     	;# 
    73  001B                     	;# 
    74  001C                     	;# 
    75  001D                     	;# 
    76  001E                     	;# 
    77  001F                     	;# 
    78  0081                     	;# 
    79  0085                     	;# 
    80  0086                     	;# 
    81  0087                     	;# 
    82  0088                     	;# 
    83  0089                     	;# 
    84  008C                     	;# 
    85  008D                     	;# 
    86  008E                     	;# 
    87  0091                     	;# 
    88  0092                     	;# 
    89  0093                     	;# 
    90  0094                     	;# 
    91  0098                     	;# 
    92  0099                     	;# 
    93  009C                     	;# 
    94  009D                     	;# 
    95  009E                     	;# 
    96  009F                     	;# 
    97  010C                     	;# 
    98  010D                     	;# 
    99  010E                     	;# 
   100  010F                     	;# 
   101  018C                     	;# 
   102  018D                     	;# 
   103  0006                     _PORTB	set	6
   104  0086                     _TRISB	set	134
   105                           
   106                           ; #config settings
   107  0000                     
   108                           	psect	cinit
   109  07FC                     start_initialization:	
   110  07FC                     __initialization:	
   111  07FC                     end_of_initialization:	
   112                           ;End of C runtime variable initialization code
   113                           
   114  07FC                     __end_of__initialization:	
   115  07FC  0183               	clrf	3
   116  07FD  120A  118A  2FD4   	ljmp	_main	;jump to C main() function
   117                           
   118                           	psect	cstackCOMMON
   119  0070                     __pcstackCOMMON:	
   120  0070                     ?_main:	
   121  0070                     ??_main:	
   122                           ; 1 bytes @ 0x0
   123                           
   124                           
   125                           ; 1 bytes @ 0x0
   126  0070                     	ds	3
   127                           
   128                           	psect	maintext
   129  07D4                     __pmaintext:	
   130 ;;
   131 ;;Main: autosize = 0, tempsize = 3, incstack = 0, save=0
   132 ;;
   133 ;; *************** function _main *****************
   134 ;; Defined at:
   135 ;;		line 19 in file "mcu1.c"
   136 ;; Parameters:    Size  Location     Type
   137 ;;		None
   138 ;; Auto vars:     Size  Location     Type
   139 ;;		None
   140 ;; Return value:  Size  Location     Type
   141 ;;                  1    wreg      void 
   142 ;; Registers used:
   143 ;;		wreg, status,2
   144 ;; Tracked objects:
   145 ;;		On entry : B00/0
   146 ;;		On exit  : 0/0
   147 ;;		Unchanged: 0/0
   148 ;; Data sizes:     COMMON   BANK0   BANK1   BANK3   BANK2
   149 ;;      Params:         0       0       0       0       0
   150 ;;      Locals:         0       0       0       0       0
   151 ;;      Temps:          3       0       0       0       0
   152 ;;      Totals:         3       0       0       0       0
   153 ;;Total ram usage:        3 bytes
   154 ;; This function calls:
   155 ;;		Nothing
   156 ;; This function is called by:
   157 ;;		Startup code after reset
   158 ;; This function uses a non-reentrant model
   159 ;;
   160                           
   161                           
   162                           ;psect for function _main
   163  07D4                     _main:	
   164                           
   165                           ;mcu1.c: 20: TRISB=0x00;
   166                           
   167                           ;incstack = 0
   168                           ; Regs used in _main: [wreg+status,2]
   169  07D4  1683               	bsf	3,5	;RP0=1, select bank1
   170  07D5  1303               	bcf	3,6	;RP1=0, select bank1
   171  07D6  0186               	clrf	6	;volatile
   172                           
   173                           ;mcu1.c: 21: PORTB=0x00;
   174  07D7  1283               	bcf	3,5	;RP0=0, select bank0
   175  07D8  1303               	bcf	3,6	;RP1=0, select bank0
   176  07D9  0186               	clrf	6	;volatile
   177  07DA                     l476:	
   178                           ;mcu1.c: 22: while(1){
   179                           
   180                           
   181                           ;mcu1.c: 23: PORTB=0b00000001;
   182  07DA  3001               	movlw	1
   183  07DB  1283               	bcf	3,5	;RP0=0, select bank0
   184  07DC  1303               	bcf	3,6	;RP1=0, select bank0
   185  07DD  0086               	movwf	6	;volatile
   186                           
   187                           ;mcu1.c: 24: _delay((unsigned long)((1000)*(4000000/4000.0)));
   188  07DE  3006               	movlw	6
   189  07DF  00F2               	movwf	??_main+2
   190  07E0  3013               	movlw	19
   191  07E1  00F1               	movwf	??_main+1
   192  07E2  30AD               	movlw	173
   193  07E3  00F0               	movwf	??_main
   194  07E4                     u17:	
   195  07E4  0BF0               	decfsz	??_main,f
   196  07E5  2FE4               	goto	u17
   197  07E6  0BF1               	decfsz	??_main+1,f
   198  07E7  2FE4               	goto	u17
   199  07E8  0BF2               	decfsz	??_main+2,f
   200  07E9  2FE4               	goto	u17
   201  07EA  2FEB               	nop2
   202                           
   203                           ;mcu1.c: 25: PORTB=0b00000000;
   204  07EB  1283               	bcf	3,5	;RP0=0, select bank0
   205  07EC  1303               	bcf	3,6	;RP1=0, select bank0
   206  07ED  0186               	clrf	6	;volatile
   207                           
   208                           ;mcu1.c: 26: _delay((unsigned long)((1000)*(4000000/4000.0)));
   209  07EE  3006               	movlw	6
   210  07EF  00F2               	movwf	??_main+2
   211  07F0  3013               	movlw	19
   212  07F1  00F1               	movwf	??_main+1
   213  07F2  30AD               	movlw	173
   214  07F3  00F0               	movwf	??_main
   215  07F4                     u27:	
   216  07F4  0BF0               	decfsz	??_main,f
   217  07F5  2FF4               	goto	u27
   218  07F6  0BF1               	decfsz	??_main+1,f
   219  07F7  2FF4               	goto	u27
   220  07F8  0BF2               	decfsz	??_main+2,f
   221  07F9  2FF4               	goto	u27
   222  07FA  2FFB               	nop2
   223  07FB  2FDA               	goto	l476
   224  07FC                     __end_of_main:	
   225  007E                     btemp	set	126	;btemp
   226  007E                     wtemp0	set	126


Data Sizes:
    Strings     0
    Constant    0
    Data        0
    BSS         0
    Persistent  0
    Stack       0

Auto Spaces:
    Space          Size  Autos    Used
    COMMON           14      3       3
    BANK0            80      0       0
    BANK1            80      0       0
    BANK3            96      0       0
    BANK2            96      0       0

Pointer List with Targets:

    None.

Critical Paths under _main in COMMON

    None.

Critical Paths under _main in BANK0

    None.

Critical Paths under _main in BANK1

    None.

Critical Paths under _main in BANK3

    None.

Critical Paths under _main in BANK2

    None.

Call Graph Tables:

 ---------------------------------------------------------------------------------
 (Depth) Function   	        Calls       Base Space   Used Autos Params    Refs
 ---------------------------------------------------------------------------------
 (0) _main                                                 3     3      0       0
                                              0 COMMON     3     3      0
 ---------------------------------------------------------------------------------
 Estimated maximum stack depth 0
 ---------------------------------------------------------------------------------

 Call Graph Graphs:

 _main (ROOT)

 Address spaces:
Name               Size   Autos  Total    Cost      Usage
BITCOMMON            E      0       0       0        0.0%
EEDATA             100      0       0       0        0.0%
NULL                 0      0       0       0        0.0%
CODE                 0      0       0       0        0.0%
COMMON               E      3       3       1       21.4%
BITSFR0              0      0       0       1        0.0%
SFR0                 0      0       0       1        0.0%
BITSFR1              0      0       0       2        0.0%
SFR1                 0      0       0       2        0.0%
STACK                0      0       0       2        0.0%
ABS                  0      0       0       3        0.0%
BITBANK0            50      0       0       4        0.0%
BITSFR3              0      0       0       4        0.0%
SFR3                 0      0       0       4        0.0%
BANK0               50      0       0       5        0.0%
BITSFR2              0      0       0       5        0.0%
SFR2                 0      0       0       5        0.0%
BITBANK1            50      0       0       6        0.0%
BANK1               50      0       0       7        0.0%
BITBANK3            60      0       0       8        0.0%
BANK3               60      0       0       9        0.0%
BITBANK2            60      0       0      10        0.0%
BANK2               60      0       0      11        0.0%
DATA                 0      0       0      12        0.0%


Microchip Technology PIC Macro Assembler V1.45 build -152302408 
Symbol Table                                                                                   Mon Mar 02 02:16:16 2020

            __CFG_CP$OFF 0000                       u17 07E4                       u27 07F4  
            __CFG_LVP$ON 0000                      l476 07DA             __CFG_CPD$OFF 0000  
           __CFG_FOSC$XT 0000             __CFG_WRT$OFF 0000                     _main 07D4  
                   btemp 007E            __CFG_BOREN$ON 0000                     start 0000  
                  ?_main 0070            __CFG_WDTE$OFF 0000                    _PORTB 0006  
                  _TRISB 0086                    status 0003                    wtemp0 007E  
        __initialization 07FC             __end_of_main 07FC                   ??_main 0070  
         __CFG_PWRTE$OFF 0000  __end_of__initialization 07FC           __pcstackCOMMON 0070  
             __pmaintext 07D4     end_of_initialization 07FC      start_initialization 07FC  
              ___latbits 0002            __size_of_main 0028  
